-------------------------------------------------------------------------------
Test set: com.favorites.FavoritesApplicationTests
-------------------------------------------------------------------------------
Tests run: 1, Failures: 0, Errors: 1, Skipped: 0, Time elapsed: 0.007 s <<< FAILURE! - in com.favorites.FavoritesApplicationTests
initializationError(com.favorites.FavoritesApplicationTests)  Time elapsed: 0 s  <<< ERROR!
java.lang.Exception: No runnable methods

