-------------------------------------------------------------------------------
Test set: com.favorites.controller.HelloWorldControlerTests
-------------------------------------------------------------------------------
Tests run: 1, Failures: 1, Errors: 0, Skipped: 0, Time elapsed: 19.324 s <<< FAILURE! - in com.favorites.controller.HelloWorldControlerTests
getHello(com.favorites.controller.HelloWorldControlerTests)  Time elapsed: 0.712 s  <<< FAILURE!
java.lang.AssertionError: Status expected:<200> but was:<404>
	at com.favorites.controller.HelloWorldControlerTests.getHello(HelloWorldControlerTests.java:33)

