<?xml version="1.0" encoding="UTF-8"?>
<testsuite xmlns:xsi="http://www.w3.org/2001/XMLSchema-instance" xsi:noNamespaceSchemaLocation="https://maven.apache.org/surefire/maven-surefire-plugin/xsd/surefire-test-report.xsd" name="com.favorites.controller.HelloWorldControlerTests" time="19.324" tests="1" errors="0" skipped="0" failures="1">
  <properties>
[...]
</properties>
  <testcase name="getHello" classname="com.favorites.controller.HelloWorldControlerTests" time="0.712">
    <failure message="Status expected:&lt;200&gt; but was:&lt;404&gt;" type="java.lang.AssertionError"><![CDATA[java.lang.AssertionError: Status expected:<200> but was:<404>
	at com.favorites.controller.HelloWorldControlerTests.getHello(HelloWorldControlerTests.java:33)
]]></failure>
    <system-out><![CDATA[10:55:05.973 [main] DEBUG org.springframework.test.context.junit4.SpringJUnit4ClassRunner - SpringJUnit4ClassRunner constructor called with [class com.favorites.controller.HelloWorldControlerTests]
10:55:05.991 [main] DEBUG org.springframework.test.context.BootstrapUtils - Instantiating CacheAwareContextLoaderDelegate from class [org.springframework.test.context.cache.DefaultCacheAwareContextLoaderDelegate]
10:55:06.024 [main] DEBUG org.springframework.test.context.BootstrapUtils - Instantiating BootstrapContext using constructor [public org.springframework.test.context.support.DefaultBootstrapContext(java.lang.Class,org.springframework.test.context.CacheAwareContextLoaderDelegate)]
10:55:06.066 [main] DEBUG org.springframework.test.context.BootstrapUtils - Instantiating TestContextBootstrapper for test class [com.favorites.controller.HelloWorldControlerTests] from class [org.springframework.boot.test.context.SpringBootTestContextBootstrapper]
10:55:06.115 [main] INFO org.springframework.boot.test.context.SpringBootTestContextBootstrapper - Neither @ContextConfiguration nor @ContextHierarchy found for test class [com.favorites.controller.HelloWorldControlerTests], using SpringBootContextLoader
10:55:06.129 [main] DEBUG org.springframework.test.context.support.AbstractContextLoader - Did not detect default resource location for test class [com.favorites.controller.HelloWorldControlerTests]: class path resource [com/favorites/controller/HelloWorldControlerTests-context.xml] does not exist
10:55:06.131 [main] DEBUG org.springframework.test.context.support.AbstractContextLoader - Did not detect default resource location for test class [com.favorites.controller.HelloWorldControlerTests]: class path resource [com/favorites/controller/HelloWorldControlerTestsContext.groovy] does not exist
10:55:06.132 [main] INFO org.springframework.test.context.support.AbstractContextLoader - Could not detect default resource locations for test class [com.favorites.controller.HelloWorldControlerTests]: no resource found for suffixes {-context.xml, Context.groovy}.
10:55:06.134 [main] INFO org.springframework.test.context.support.AnnotationConfigContextLoaderUtils - Could not detect default configuration classes for test class [com.favorites.controller.HelloWorldControlerTests]: HelloWorldControlerTests does not declare any static, non-private, non-final, nested classes annotated with @Configuration.
10:55:06.277 [main] DEBUG org.springframework.test.context.support.ActiveProfilesUtils - Could not find an 'annotation declaring class' for annotation type [org.springframework.test.context.ActiveProfiles] and class [com.favorites.controller.HelloWorldControlerTests]
10:55:06.301 [main] DEBUG org.springframework.core.env.StandardEnvironment - Adding PropertySource 'systemProperties' with lowest search precedence
10:55:06.301 [main] DEBUG org.springframework.core.env.StandardEnvironment - Adding PropertySource 'systemEnvironment' with lowest search precedence
10:55:06.302 [main] DEBUG org.springframework.core.env.StandardEnvironment - Initialized StandardEnvironment with PropertySources [MapPropertySource@20157778 {name='systemProperties', properties={java.runtime.name=Java(TM) SE Runtime Environment, sun.boot.library.path=C:\Program Files (x86)\Java\jdk1.8.0_181\jre\bin, java.vm.version=25.181-b13, user.country.format=CN, java.vm.vendor=Oracle Corporation, java.vendor.url=http://java.oracle.com/, path.separator=;, java.vm.name=Java HotSpot(TM) Client VM, file.encoding.pkg=sun.io, user.country=US, user.script=, sun.java.launcher=SUN_STANDARD, sun.os.patch.level=, java.vm.specification.name=Java Virtual Machine Specification, user.dir=c:\Users\jinqshen\favorites-web\app, java.runtime.version=1.8.0_181-b13, basedir=c:\Users\jinqshen\favorites-web\app, java.awt.graphicsenv=sun.awt.Win32GraphicsEnvironment, java.endorsed.dirs=C:\Program Files (x86)\Java\jdk1.8.0_181\jre\lib\endorsed, os.arch=x86, surefire.real.class.path=C:\Users\jinqshen\AppData\Local\Temp\surefire9183887392312537003\surefirebooter8492861529203956604.jar, java.io.tmpdir=C:\Users\jinqshen\AppData\Local\Temp\, line.separator=
, java.vm.specification.vendor=Oracle Corporation, user.variant=, os.name=Windows 10, sun.jnu.encoding=GBK, java.library.path=C:\Program Files (x86)\Java\jdk1.8.0_181\jre\bin;C:\WINDOWS\Sun\Java\bin;C:\WINDOWS\system32;C:\WINDOWS;C:\Program Files (x86)\Common Files\Oracle\Java\javapath;C:\WINDOWS\system32;C:\WINDOWS;C:\WINDOWS\System32\Wbem;C:\WINDOWS\System32\WindowsPowerShell\v1.0\;C:\Program Files (x86)\WebEx\Productivity Tools;C:\Program Files (x86)\Cisco\OSD-ShellApplications;C:\Program Files (x86)\Sennheiser\SoftphoneSDK\;C:\Python27;C:\WBXTF\Bin;C:\Program Files (x86)\Maven\apache-maven-3.5.3\bin;C:\Program Files (x86)\Java\jdk1.8.0_181\bin;C:\Program Files (x86)\Java\jdk1.8.0_181\jre\bin;C:\PROGRAM FILES (X86)\WEBEX\WEBEX\319\;C:\PROGRAM FILES (X86)\WEBEX\;C:\Program Files\Git\cmd;C:\Users\jinqshen\AppData\Local\Programs\Python\Python37-32\Scripts\;C:\Users\jinqshen\AppData\Local\Programs\Python\Python37-32\;C:\Users\jinqshen\AppData\Local\Microsoft\WindowsApps;;., surefire.test.class.path=c:\Users\jinqshen\favorites-web\app\target\test-classes;c:\Users\jinqshen\favorites-web\app\target\classes;C:\Users\jinqshen\.m2\repository\org\springframework\boot\spring-boot-starter-web\2.0.0.RELEASE\spring-boot-starter-web-2.0.0.RELEASE.jar;C:\Users\jinqshen\.m2\repository\org\springframework\boot\spring-boot-starter\2.0.0.RELEASE\spring-boot-starter-2.0.0.RELEASE.jar;C:\Users\jinqshen\.m2\repository\org\springframework\boot\spring-boot-starter-logging\2.0.0.RELEASE\spring-boot-starter-logging-2.0.0.RELEASE.jar;C:\Users\jinqshen\.m2\repository\ch\qos\logback\logback-classic\1.2.3\logback-classic-1.2.3.jar;C:\Users\jinqshen\.m2\repository\ch\qos\logback\logback-core\1.2.3\logback-core-1.2.3.jar;C:\Users\jinqshen\.m2\repository\org\apache\logging\log4j\log4j-to-slf4j\2.10.0\log4j-to-slf4j-2.10.0.jar;C:\Users\jinqshen\.m2\repository\org\apache\logging\log4j\log4j-api\2.10.0\log4j-api-2.10.0.jar;C:\Users\jinqshen\.m2\repository\org\slf4j\jul-to-slf4j\1.7.25\jul-to-slf4j-1.7.25.jar;C:\Users\jinqshen\.m2\repository\javax\annotation\javax.annotation-api\1.3.2\javax.annotation-api-1.3.2.jar;C:\Users\jinqshen\.m2\repository\org\yaml\snakeyaml\1.19\snakeyaml-1.19.jar;C:\Users\jinqshen\.m2\repository\org\springframework\boot\spring-boot-starter-json\2.0.0.RELEASE\spring-boot-starter-json-2.0.0.RELEASE.jar;C:\Users\jinqshen\.m2\repository\com\fasterxml\jackson\datatype\jackson-datatype-jdk8\2.9.4\jackson-datatype-jdk8-2.9.4.jar;C:\Users\jinqshen\.m2\repository\com\fasterxml\jackson\datatype\jackson-datatype-jsr310\2.9.4\jackson-datatype-jsr310-2.9.4.jar;C:\Users\jinqshen\.m2\repository\com\fasterxml\jackson\module\jackson-module-parameter-names\2.9.4\jackson-module-parameter-names-2.9.4.jar;C:\Users\jinqshen\.m2\repository\org\springframework\boot\spring-boot-starter-tomcat\2.0.0.RELEASE\spring-boot-starter-tomcat-2.0.0.RELEASE.jar;C:\Users\jinqshen\.m2\repository\org\apache\tomcat\embed\tomcat-embed-core\8.5.28\tomcat-embed-core-8.5.28.jar;C:\Users\jinqshen\.m2\repository\org\apache\tomcat\embed\tomcat-embed-el\8.5.28\tomcat-embed-el-8.5.28.jar;C:\Users\jinqshen\.m2\repository\org\apache\tomcat\embed\tomcat-embed-websocket\8.5.28\tomcat-embed-websocket-8.5.28.jar;C:\Users\jinqshen\.m2\repository\org\hibernate\validator\hibernate-validator\6.0.7.Final\hibernate-validator-6.0.7.Final.jar;C:\Users\jinqshen\.m2\repository\javax\validation\validation-api\2.0.1.Final\validation-api-2.0.1.Final.jar;C:\Users\jinqshen\.m2\repository\org\jboss\logging\jboss-logging\3.3.2.Final\jboss-logging-3.3.2.Final.jar;C:\Users\jinqshen\.m2\repository\com\fasterxml\classmate\1.3.4\classmate-1.3.4.jar;C:\Users\jinqshen\.m2\repository\org\springframework\spring-web\5.0.4.RELEASE\spring-web-5.0.4.RELEASE.jar;C:\Users\jinqshen\.m2\repository\org\springframework\spring-beans\5.0.4.RELEASE\spring-beans-5.0.4.RELEASE.jar;C:\Users\jinqshen\.m2\repository\org\springframework\spring-webmvc\5.0.4.RELEASE\spring-webmvc-5.0.4.RELEASE.jar;C:\Users\jinqshen\.m2\repository\org\springframework\spring-aop\5.0.4.RELEASE\spring-aop-5.0.4.RELEASE.jar;C:\Users\jinqshen\.m2\repository\org\springframework\spring-expression\5.0.4.RELEASE\spring-expression-5.0.4.RELEASE.jar;C:\Users\jinqshen\.m2\repository\org\springframework\boot\spring-boot-starter-thymeleaf\2.0.0.RELEASE\spring-boot-starter-thymeleaf-2.0.0.RELEASE.jar;C:\Users\jinqshen\.m2\repository\org\thymeleaf\thymeleaf-spring5\3.0.9.RELEASE\thymeleaf-spring5-3.0.9.RELEASE.jar;C:\Users\jinqshen\.m2\repository\org\slf4j\slf4j-api\1.7.25\slf4j-api-1.7.25.jar;C:\Users\jinqshen\.m2\repository\org\thymeleaf\extras\thymeleaf-extras-java8time\3.0.1.RELEASE\thymeleaf-extras-java8time-3.0.1.RELEASE.jar;C:\Users\jinqshen\.m2\repository\nz\net\ultraq\thymeleaf\thymeleaf-layout-dialect\2.3.0\thymeleaf-layout-dialect-2.3.0.jar;C:\Users\jinqshen\.m2\repository\nz\net\ultraq\thymeleaf\thymeleaf-expression-processor\1.1.3\thymeleaf-expression-processor-1.1.3.jar;C:\Users\jinqshen\.m2\repository\org\codehaus\groovy\groovy\2.4.13\groovy-2.4.13.jar;C:\Users\jinqshen\.m2\repository\org\thymeleaf\thymeleaf\3.0.9.RELEASE\thymeleaf-3.0.9.RELEASE.jar;C:\Users\jinqshen\.m2\repository\ognl\ognl\3.1.12\ognl-3.1.12.jar;C:\Users\jinqshen\.m2\repository\org\attoparser\attoparser\2.0.4.RELEASE\attoparser-2.0.4.RELEASE.jar;C:\Users\jinqshen\.m2\repository\org\unbescape\unbescape\1.1.5.RELEASE\unbescape-1.1.5.RELEASE.jar;C:\Users\jinqshen\.m2\repository\org\springframework\boot\spring-boot-starter-data-jpa\2.0.0.RELEASE\spring-boot-starter-data-jpa-2.0.0.RELEASE.jar;C:\Users\jinqshen\.m2\repository\org\springframework\boot\spring-boot-starter-aop\2.0.0.RELEASE\spring-boot-starter-aop-2.0.0.RELEASE.jar;C:\Users\jinqshen\.m2\repository\org\aspectj\aspectjweaver\1.8.13\aspectjweaver-1.8.13.jar;C:\Users\jinqshen\.m2\repository\org\springframework\boot\spring-boot-starter-jdbc\2.0.0.RELEASE\spring-boot-starter-jdbc-2.0.0.RELEASE.jar;C:\Users\jinqshen\.m2\repository\com\zaxxer\HikariCP\2.7.8\HikariCP-2.7.8.jar;C:\Users\jinqshen\.m2\repository\org\springframework\spring-jdbc\5.0.4.RELEASE\spring-jdbc-5.0.4.RELEASE.jar;C:\Users\jinqshen\.m2\repository\org\hibernate\hibernate-core\5.2.14.Final\hibernate-core-5.2.14.Final.jar;C:\Users\jinqshen\.m2\repository\org\hibernate\javax\persistence\hibernate-jpa-2.1-api\1.0.0.Final\hibernate-jpa-2.1-api-1.0.0.Final.jar;C:\Users\jinqshen\.m2\repository\org\javassist\javassist\3.22.0-GA\javassist-3.22.0-GA.jar;C:\Users\jinqshen\.m2\repository\antlr\antlr\2.7.7\antlr-2.7.7.jar;C:\Users\jinqshen\.m2\repository\org\jboss\jandex\2.0.3.Final\jandex-2.0.3.Final.jar;C:\Users\jinqshen\.m2\repository\dom4j\dom4j\1.6.1\dom4j-1.6.1.jar;C:\Users\jinqshen\.m2\repository\org\hibernate\common\hibernate-commons-annotations\5.0.1.Final\hibernate-commons-annotations-5.0.1.Final.jar;C:\Users\jinqshen\.m2\repository\javax\transaction\javax.transaction-api\1.2\javax.transaction-api-1.2.jar;C:\Users\jinqshen\.m2\repository\org\springframework\data\spring-data-jpa\2.0.5.RELEASE\spring-data-jpa-2.0.5.RELEASE.jar;C:\Users\jinqshen\.m2\repository\org\springframework\data\spring-data-commons\2.0.5.RELEASE\spring-data-commons-2.0.5.RELEASE.jar;C:\Users\jinqshen\.m2\repository\org\springframework\spring-orm\5.0.4.RELEASE\spring-orm-5.0.4.RELEASE.jar;C:\Users\jinqshen\.m2\repository\org\springframework\spring-tx\5.0.4.RELEASE\spring-tx-5.0.4.RELEASE.jar;C:\Users\jinqshen\.m2\repository\org\springframework\spring-aspects\5.0.4.RELEASE\spring-aspects-5.0.4.RELEASE.jar;C:\Users\jinqshen\.m2\repository\org\springframework\boot\spring-boot-devtools\2.0.0.RELEASE\spring-boot-devtools-2.0.0.RELEASE.jar;C:\Users\jinqshen\.m2\repository\org\springframework\boot\spring-boot\2.0.0.RELEASE\spring-boot-2.0.0.RELEASE.jar;C:\Users\jinqshen\.m2\repository\org\springframework\boot\spring-boot-autoconfigure\2.0.0.RELEASE\spring-boot-autoconfigure-2.0.0.RELEASE.jar;C:\Users\jinqshen\.m2\repository\org\springframework\boot\spring-boot-starter-test\2.0.0.RELEASE\spring-boot-starter-test-2.0.0.RELEASE.jar;C:\Users\jinqshen\.m2\repository\org\springframework\boot\spring-boot-test\2.0.0.RELEASE\spring-boot-test-2.0.0.RELEASE.jar;C:\Users\jinqshen\.m2\repository\org\springframework\boot\spring-boot-test-autoconfigure\2.0.0.RELEASE\spring-boot-test-autoconfigure-2.0.0.RELEASE.jar;C:\Users\jinqshen\.m2\repository\com\jayway\jsonpath\json-path\2.4.0\json-path-2.4.0.jar;C:\Users\jinqshen\.m2\repository\net\minidev\json-smart\2.3\json-smart-2.3.jar;C:\Users\jinqshen\.m2\repository\net\minidev\accessors-smart\1.2\accessors-smart-1.2.jar;C:\Users\jinqshen\.m2\repository\org\ow2\asm\asm\5.0.4\asm-5.0.4.jar;C:\Users\jinqshen\.m2\repository\junit\junit\4.12\junit-4.12.jar;C:\Users\jinqshen\.m2\repository\org\assertj\assertj-core\3.9.1\assertj-core-3.9.1.jar;C:\Users\jinqshen\.m2\repository\org\mockito\mockito-core\2.15.0\mockito-core-2.15.0.jar;C:\Users\jinqshen\.m2\repository\net\bytebuddy\byte-buddy\1.7.10\byte-buddy-1.7.10.jar;C:\Users\jinqshen\.m2\repository\net\bytebuddy\byte-buddy-agent\1.7.10\byte-buddy-agent-1.7.10.jar;C:\Users\jinqshen\.m2\repository\org\objenesis\objenesis\2.6\objenesis-2.6.jar;C:\Users\jinqshen\.m2\repository\org\hamcrest\hamcrest-core\1.3\hamcrest-core-1.3.jar;C:\Users\jinqshen\.m2\repository\org\hamcrest\hamcrest-library\1.3\hamcrest-library-1.3.jar;C:\Users\jinqshen\.m2\repository\org\skyscreamer\jsonassert\1.5.0\jsonassert-1.5.0.jar;C:\Users\jinqshen\.m2\repository\com\vaadin\external\google\android-json\0.0.20131108.vaadin1\android-json-0.0.20131108.vaadin1.jar;C:\Users\jinqshen\.m2\repository\org\springframework\spring-core\5.0.4.RELEASE\spring-core-5.0.4.RELEASE.jar;C:\Users\jinqshen\.m2\repository\org\springframework\spring-jcl\5.0.4.RELEASE\spring-jcl-5.0.4.RELEASE.jar;C:\Users\jinqshen\.m2\repository\org\springframework\spring-test\5.0.4.RELEASE\spring-test-5.0.4.RELEASE.jar;C:\Users\jinqshen\.m2\repository\org\xmlunit\xmlunit-core\2.5.1\xmlunit-core-2.5.1.jar;C:\Users\jinqshen\.m2\repository\org\springframework\boot\spring-boot-starter-mail\2.0.0.RELEASE\spring-boot-starter-mail-2.0.0.RELEASE.jar;C:\Users\jinqshen\.m2\repository\org\springframework\spring-context\5.0.4.RELEASE\spring-context-5.0.4.RELEASE.jar;C:\Users\jinqshen\.m2\repository\org\springframework\spring-context-support\5.0.4.RELEASE\spring-context-support-5.0.4.RELEASE.jar;C:\Users\jinqshen\.m2\repository\com\sun\mail\javax.mail\1.6.1\javax.mail-1.6.1.jar;C:\Users\jinqshen\.m2\repository\javax\activation\activation\1.1\activation-1.1.jar;C:\Users\jinqshen\.m2\repository\org\webjars\webjars-locator\0.33\webjars-locator-0.33.jar;C:\Users\jinqshen\.m2\repository\org\webjars\webjars-locator-core\0.35\webjars-locator-core-0.35.jar;C:\Users\jinqshen\.m2\repository\org\apache\commons\commons-compress\1.9\commons-compress-1.9.jar;C:\Users\jinqshen\.m2\repository\com\fasterxml\jackson\core\jackson-core\2.9.4\jackson-core-2.9.4.jar;C:\Users\jinqshen\.m2\repository\com\fasterxml\jackson\core\jackson-databind\2.9.4\jackson-databind-2.9.4.jar;C:\Users\jinqshen\.m2\repository\com\fasterxml\jackson\core\jackson-annotations\2.9.0\jackson-annotations-2.9.0.jar;C:\Users\jinqshen\.m2\repository\mysql\mysql-connector-java\8.0.13\mysql-connector-java-8.0.13.jar;C:\Users\jinqshen\.m2\repository\com\google\protobuf\protobuf-java\3.6.1\protobuf-java-3.6.1.jar;C:\Users\jinqshen\.m2\repository\org\apache\commons\commons-lang3\3.4\commons-lang3-3.4.jar;C:\Users\jinqshen\.m2\repository\org\webjars\bower\bootstrap\3.3.6\bootstrap-3.3.6.jar;C:\Users\jinqshen\.m2\repository\org\webjars\bower\jquery\2.0.0\jquery-2.0.0.jar;C:\Users\jinqshen\.m2\repository\org\webjars\vue\1.0.24\vue-1.0.24.jar;C:\Users\jinqshen\.m2\repository\org\webjars\bower\vue-resource\0.7.0\vue-resource-0.7.0.jar;C:\Users\jinqshen\.m2\repository\org\jsoup\jsoup\1.9.2\jsoup-1.9.2.jar;C:\Users\jinqshen\.m2\repository\org\webjars\jquery\2.0.0\jquery-2.0.0.jar;, java.specification.name=Java Platform API Specification, java.class.version=52.0, sun.management.compiler=HotSpot Client Compiler, os.version=10.0, user.home=C:\Users\jinqshen, user.timezone=Asia/Shanghai, java.awt.printerjob=sun.awt.windows.WPrinterJob, file.encoding=GBK, java.specification.version=1.8, java.class.path=c:\Users\jinqshen\favorites-web\app\target\test-classes;c:\Users\jinqshen\favorites-web\app\target\classes;C:\Users\jinqshen\.m2\repository\org\springframework\boot\spring-boot-starter-web\2.0.0.RELEASE\spring-boot-starter-web-2.0.0.RELEASE.jar;C:\Users\jinqshen\.m2\repository\org\springframework\boot\spring-boot-starter\2.0.0.RELEASE\spring-boot-starter-2.0.0.RELEASE.jar;C:\Users\jinqshen\.m2\repository\org\springframework\boot\spring-boot-starter-logging\2.0.0.RELEASE\spring-boot-starter-logging-2.0.0.RELEASE.jar;C:\Users\jinqshen\.m2\repository\ch\qos\logback\logback-classic\1.2.3\logback-classic-1.2.3.jar;C:\Users\jinqshen\.m2\repository\ch\qos\logback\logback-core\1.2.3\logback-core-1.2.3.jar;C:\Users\jinqshen\.m2\repository\org\apache\logging\log4j\log4j-to-slf4j\2.10.0\log4j-to-slf4j-2.10.0.jar;C:\Users\jinqshen\.m2\repository\org\apache\logging\log4j\log4j-api\2.10.0\log4j-api-2.10.0.jar;C:\Users\jinqshen\.m2\repository\org\slf4j\jul-to-slf4j\1.7.25\jul-to-slf4j-1.7.25.jar;C:\Users\jinqshen\.m2\repository\javax\annotation\javax.annotation-api\1.3.2\javax.annotation-api-1.3.2.jar;C:\Users\jinqshen\.m2\repository\org\yaml\snakeyaml\1.19\snakeyaml-1.19.jar;C:\Users\jinqshen\.m2\repository\org\springframework\boot\spring-boot-starter-json\2.0.0.RELEASE\spring-boot-starter-json-2.0.0.RELEASE.jar;C:\Users\jinqshen\.m2\repository\com\fasterxml\jackson\datatype\jackson-datatype-jdk8\2.9.4\jackson-datatype-jdk8-2.9.4.jar;C:\Users\jinqshen\.m2\repository\com\fasterxml\jackson\datatype\jackson-datatype-jsr310\2.9.4\jackson-datatype-jsr310-2.9.4.jar;C:\Users\jinqshen\.m2\repository\com\fasterxml\jackson\module\jackson-module-parameter-names\2.9.4\jackson-module-parameter-names-2.9.4.jar;C:\Users\jinqshen\.m2\repository\org\springframework\boot\spring-boot-starter-tomcat\2.0.0.RELEASE\spring-boot-starter-tomcat-2.0.0.RELEASE.jar;C:\Users\jinqshen\.m2\repository\org\apache\tomcat\embed\tomcat-embed-core\8.5.28\tomcat-embed-core-8.5.28.jar;C:\Users\jinqshen\.m2\repository\org\apache\tomcat\embed\tomcat-embed-el\8.5.28\tomcat-embed-el-8.5.28.jar;C:\Users\jinqshen\.m2\repository\org\apache\tomcat\embed\tomcat-embed-websocket\8.5.28\tomcat-embed-websocket-8.5.28.jar;C:\Users\jinqshen\.m2\repository\org\hibernate\validator\hibernate-validator\6.0.7.Final\hibernate-validator-6.0.7.Final.jar;C:\Users\jinqshen\.m2\repository\javax\validation\validation-api\2.0.1.Final\validation-api-2.0.1.Final.jar;C:\Users\jinqshen\.m2\repository\org\jboss\logging\jboss-logging\3.3.2.Final\jboss-logging-3.3.2.Final.jar;C:\Users\jinqshen\.m2\repository\com\fasterxml\classmate\1.3.4\classmate-1.3.4.jar;C:\Users\jinqshen\.m2\repository\org\springframework\spring-web\5.0.4.RELEASE\spring-web-5.0.4.RELEASE.jar;C:\Users\jinqshen\.m2\repository\org\springframework\spring-beans\5.0.4.RELEASE\spring-beans-5.0.4.RELEASE.jar;C:\Users\jinqshen\.m2\repository\org\springframework\spring-webmvc\5.0.4.RELEASE\spring-webmvc-5.0.4.RELEASE.jar;C:\Users\jinqshen\.m2\repository\org\springframework\spring-aop\5.0.4.RELEASE\spring-aop-5.0.4.RELEASE.jar;C:\Users\jinqshen\.m2\repository\org\springframework\spring-expression\5.0.4.RELEASE\spring-expression-5.0.4.RELEASE.jar;C:\Users\jinqshen\.m2\repository\org\springframework\boot\spring-boot-starter-thymeleaf\2.0.0.RELEASE\spring-boot-starter-thymeleaf-2.0.0.RELEASE.jar;C:\Users\jinqshen\.m2\repository\org\thymeleaf\thymeleaf-spring5\3.0.9.RELEASE\thymeleaf-spring5-3.0.9.RELEASE.jar;C:\Users\jinqshen\.m2\repository\org\slf4j\slf4j-api\1.7.25\slf4j-api-1.7.25.jar;C:\Users\jinqshen\.m2\repository\org\thymeleaf\extras\thymeleaf-extras-java8time\3.0.1.RELEASE\thymeleaf-extras-java8time-3.0.1.RELEASE.jar;C:\Users\jinqshen\.m2\repository\nz\net\ultraq\thymeleaf\thymeleaf-layout-dialect\2.3.0\thymeleaf-layout-dialect-2.3.0.jar;C:\Users\jinqshen\.m2\repository\nz\net\ultraq\thymeleaf\thymeleaf-expression-processor\1.1.3\thymeleaf-expression-processor-1.1.3.jar;C:\Users\jinqshen\.m2\repository\org\codehaus\groovy\groovy\2.4.13\groovy-2.4.13.jar;C:\Users\jinqshen\.m2\repository\org\thymeleaf\thymeleaf\3.0.9.RELEASE\thymeleaf-3.0.9.RELEASE.jar;C:\Users\jinqshen\.m2\repository\ognl\ognl\3.1.12\ognl-3.1.12.jar;C:\Users\jinqshen\.m2\repository\org\attoparser\attoparser\2.0.4.RELEASE\attoparser-2.0.4.RELEASE.jar;C:\Users\jinqshen\.m2\repository\org\unbescape\unbescape\1.1.5.RELEASE\unbescape-1.1.5.RELEASE.jar;C:\Users\jinqshen\.m2\repository\org\springframework\boot\spring-boot-starter-data-jpa\2.0.0.RELEASE\spring-boot-starter-data-jpa-2.0.0.RELEASE.jar;C:\Users\jinqshen\.m2\repository\org\springframework\boot\spring-boot-starter-aop\2.0.0.RELEASE\spring-boot-starter-aop-2.0.0.RELEASE.jar;C:\Users\jinqshen\.m2\repository\org\aspectj\aspectjweaver\1.8.13\aspectjweaver-1.8.13.jar;C:\Users\jinqshen\.m2\repository\org\springframework\boot\spring-boot-starter-jdbc\2.0.0.RELEASE\spring-boot-starter-jdbc-2.0.0.RELEASE.jar;C:\Users\jinqshen\.m2\repository\com\zaxxer\HikariCP\2.7.8\HikariCP-2.7.8.jar;C:\Users\jinqshen\.m2\repository\org\springframework\spring-jdbc\5.0.4.RELEASE\spring-jdbc-5.0.4.RELEASE.jar;C:\Users\jinqshen\.m2\repository\org\hibernate\hibernate-core\5.2.14.Final\hibernate-core-5.2.14.Final.jar;C:\Users\jinqshen\.m2\repository\org\hibernate\javax\persistence\hibernate-jpa-2.1-api\1.0.0.Final\hibernate-jpa-2.1-api-1.0.0.Final.jar;C:\Users\jinqshen\.m2\repository\org\javassist\javassist\3.22.0-GA\javassist-3.22.0-GA.jar;C:\Users\jinqshen\.m2\repository\antlr\antlr\2.7.7\antlr-2.7.7.jar;C:\Users\jinqshen\.m2\repository\org\jboss\jandex\2.0.3.Final\jandex-2.0.3.Final.jar;C:\Users\jinqshen\.m2\repository\dom4j\dom4j\1.6.1\dom4j-1.6.1.jar;C:\Users\jinqshen\.m2\repository\org\hibernate\common\hibernate-commons-annotations\5.0.1.Final\hibernate-commons-annotations-5.0.1.Final.jar;C:\Users\jinqshen\.m2\repository\javax\transaction\javax.transaction-api\1.2\javax.transaction-api-1.2.jar;C:\Users\jinqshen\.m2\repository\org\springframework\data\spring-data-jpa\2.0.5.RELEASE\spring-data-jpa-2.0.5.RELEASE.jar;C:\Users\jinqshen\.m2\repository\org\springframework\data\spring-data-commons\2.0.5.RELEASE\spring-data-commons-2.0.5.RELEASE.jar;C:\Users\jinqshen\.m2\repository\org\springframework\spring-orm\5.0.4.RELEASE\spring-orm-5.0.4.RELEASE.jar;C:\Users\jinqshen\.m2\repository\org\springframework\spring-tx\5.0.4.RELEASE\spring-tx-5.0.4.RELEASE.jar;C:\Users\jinqshen\.m2\repository\org\springframework\spring-aspects\5.0.4.RELEASE\spring-aspects-5.0.4.RELEASE.jar;C:\Users\jinqshen\.m2\repository\org\springframework\boot\spring-boot-devtools\2.0.0.RELEASE\spring-boot-devtools-2.0.0.RELEASE.jar;C:\Users\jinqshen\.m2\repository\org\springframework\boot\spring-boot\2.0.0.RELEASE\spring-boot-2.0.0.RELEASE.jar;C:\Users\jinqshen\.m2\repository\org\springframework\boot\spring-boot-autoconfigure\2.0.0.RELEASE\spring-boot-autoconfigure-2.0.0.RELEASE.jar;C:\Users\jinqshen\.m2\repository\org\springframework\boot\spring-boot-starter-test\2.0.0.RELEASE\spring-boot-starter-test-2.0.0.RELEASE.jar;C:\Users\jinqshen\.m2\repository\org\springframework\boot\spring-boot-test\2.0.0.RELEASE\spring-boot-test-2.0.0.RELEASE.jar;C:\Users\jinqshen\.m2\repository\org\springframework\boot\spring-boot-test-autoconfigure\2.0.0.RELEASE\spring-boot-test-autoconfigure-2.0.0.RELEASE.jar;C:\Users\jinqshen\.m2\repository\com\jayway\jsonpath\json-path\2.4.0\json-path-2.4.0.jar;C:\Users\jinqshen\.m2\repository\net\minidev\json-smart\2.3\json-smart-2.3.jar;C:\Users\jinqshen\.m2\repository\net\minidev\accessors-smart\1.2\accessors-smart-1.2.jar;C:\Users\jinqshen\.m2\repository\org\ow2\asm\asm\5.0.4\asm-5.0.4.jar;C:\Users\jinqshen\.m2\repository\junit\junit\4.12\junit-4.12.jar;C:\Users\jinqshen\.m2\repository\org\assertj\assertj-core\3.9.1\assertj-core-3.9.1.jar;C:\Users\jinqshen\.m2\repository\org\mockito\mockito-core\2.15.0\mockito-core-2.15.0.jar;C:\Users\jinqshen\.m2\repository\net\bytebuddy\byte-buddy\1.7.10\byte-buddy-1.7.10.jar;C:\Users\jinqshen\.m2\repository\net\bytebuddy\byte-buddy-agent\1.7.10\byte-buddy-agent-1.7.10.jar;C:\Users\jinqshen\.m2\repository\org\objenesis\objenesis\2.6\objenesis-2.6.jar;C:\Users\jinqshen\.m2\repository\org\hamcrest\hamcrest-core\1.3\hamcrest-core-1.3.jar;C:\Users\jinqshen\.m2\repository\org\hamcrest\hamcrest-library\1.3\hamcrest-library-1.3.jar;C:\Users\jinqshen\.m2\repository\org\skyscreamer\jsonassert\1.5.0\jsonassert-1.5.0.jar;C:\Users\jinqshen\.m2\repository\com\vaadin\external\google\android-json\0.0.20131108.vaadin1\android-json-0.0.20131108.vaadin1.jar;C:\Users\jinqshen\.m2\repository\org\springframework\spring-core\5.0.4.RELEASE\spring-core-5.0.4.RELEASE.jar;C:\Users\jinqshen\.m2\repository\org\springframework\spring-jcl\5.0.4.RELEASE\spring-jcl-5.0.4.RELEASE.jar;C:\Users\jinqshen\.m2\repository\org\springframework\spring-test\5.0.4.RELEASE\spring-test-5.0.4.RELEASE.jar;C:\Users\jinqshen\.m2\repository\org\xmlunit\xmlunit-core\2.5.1\xmlunit-core-2.5.1.jar;C:\Users\jinqshen\.m2\repository\org\springframework\boot\spring-boot-starter-mail\2.0.0.RELEASE\spring-boot-starter-mail-2.0.0.RELEASE.jar;C:\Users\jinqshen\.m2\repository\org\springframework\spring-context\5.0.4.RELEASE\spring-context-5.0.4.RELEASE.jar;C:\Users\jinqshen\.m2\repository\org\springframework\spring-context-support\5.0.4.RELEASE\spring-context-support-5.0.4.RELEASE.jar;C:\Users\jinqshen\.m2\repository\com\sun\mail\javax.mail\1.6.1\javax.mail-1.6.1.jar;C:\Users\jinqshen\.m2\repository\javax\activation\activation\1.1\activation-1.1.jar;C:\Users\jinqshen\.m2\repository\org\webjars\webjars-locator\0.33\webjars-locator-0.33.jar;C:\Users\jinqshen\.m2\repository\org\webjars\webjars-locator-core\0.35\webjars-locator-core-0.35.jar;C:\Users\jinqshen\.m2\repository\org\apache\commons\commons-compress\1.9\commons-compress-1.9.jar;C:\Users\jinqshen\.m2\repository\com\fasterxml\jackson\core\jackson-core\2.9.4\jackson-core-2.9.4.jar;C:\Users\jinqshen\.m2\repository\com\fasterxml\jackson\core\jackson-databind\2.9.4\jackson-databind-2.9.4.jar;C:\Users\jinqshen\.m2\repository\com\fasterxml\jackson\core\jackson-annotations\2.9.0\jackson-annotations-2.9.0.jar;C:\Users\jinqshen\.m2\repository\mysql\mysql-connector-java\8.0.13\mysql-connector-java-8.0.13.jar;C:\Users\jinqshen\.m2\repository\com\google\protobuf\protobuf-java\3.6.1\protobuf-java-3.6.1.jar;C:\Users\jinqshen\.m2\repository\org\apache\commons\commons-lang3\3.4\commons-lang3-3.4.jar;C:\Users\jinqshen\.m2\repository\org\webjars\bower\bootstrap\3.3.6\bootstrap-3.3.6.jar;C:\Users\jinqshen\.m2\repository\org\webjars\bower\jquery\2.0.0\jquery-2.0.0.jar;C:\Users\jinqshen\.m2\repository\org\webjars\vue\1.0.24\vue-1.0.24.jar;C:\Users\jinqshen\.m2\repository\org\webjars\bower\vue-resource\0.7.0\vue-resource-0.7.0.jar;C:\Users\jinqshen\.m2\repository\org\jsoup\jsoup\1.9.2\jsoup-1.9.2.jar;C:\Users\jinqshen\.m2\repository\org\webjars\jquery\2.0.0\jquery-2.0.0.jar;, user.name=jinqshen, java.vm.specification.version=1.8, sun.java.command=C:\Users\jinqshen\AppData\Local\Temp\surefire9183887392312537003\surefirebooter8492861529203956604.jar C:\Users\jinqshen\AppData\Local\Temp\surefire9183887392312537003 2018-11-22T10-55-01_082-jvmRun1 surefire6871581444863628285tmp surefire_01656803686664769027tmp, java.home=C:\Program Files (x86)\Java\jdk1.8.0_181\jre, sun.arch.data.model=32, user.language=en, java.specification.vendor=Oracle Corporation, user.language.format=zh, awt.toolkit=sun.awt.windows.WToolkit, java.vm.info=mixed mode, sharing, java.version=1.8.0_181, java.ext.dirs=C:\Program Files (x86)\Java\jdk1.8.0_181\jre\lib\ext;C:\WINDOWS\Sun\Java\lib\ext, sun.boot.class.path=C:\Program Files (x86)\Java\jdk1.8.0_181\jre\lib\resources.jar;C:\Program Files (x86)\Java\jdk1.8.0_181\jre\lib\rt.jar;C:\Program Files (x86)\Java\jdk1.8.0_181\jre\lib\sunrsasign.jar;C:\Program Files (x86)\Java\jdk1.8.0_181\jre\lib\jsse.jar;C:\Program Files (x86)\Java\jdk1.8.0_181\jre\lib\jce.jar;C:\Program Files (x86)\Java\jdk1.8.0_181\jre\lib\charsets.jar;C:\Program Files (x86)\Java\jdk1.8.0_181\jre\lib\jfr.jar;C:\Program Files (x86)\Java\jdk1.8.0_181\jre\classes, java.vendor=Oracle Corporation, localRepository=C:\Users\jinqshen\.m2\repository, file.separator=\, java.vendor.url.bug=http://bugreport.sun.com/bugreport/, sun.io.unicode.encoding=UnicodeLittle, sun.cpu.endian=little, sun.desktop=windows, sun.cpu.isalist=pentium_pro+mmx pentium_pro pentium+mmx pentium i486 i386 i86}}, SystemEnvironmentPropertySource@17770357 {name='systemEnvironment', properties={PATH=C:\Program Files (x86)\Common Files\Oracle\Java\javapath;C:\WINDOWS\system32;C:\WINDOWS;C:\WINDOWS\System32\Wbem;C:\WINDOWS\System32\WindowsPowerShell\v1.0\;C:\Program Files (x86)\WebEx\Productivity Tools;C:\Program Files (x86)\Cisco\OSD-ShellApplications;C:\Program Files (x86)\Sennheiser\SoftphoneSDK\;C:\Python27;C:\WBXTF\Bin;C:\Program Files (x86)\Maven\apache-maven-3.5.3\bin;C:\Program Files (x86)\Java\jdk1.8.0_181\bin;C:\Program Files (x86)\Java\jdk1.8.0_181\jre\bin;C:\PROGRAM FILES (X86)\WEBEX\WEBEX\319\;C:\PROGRAM FILES (X86)\WEBEX\;C:\Program Files\Git\cmd;C:\Users\jinqshen\AppData\Local\Programs\Python\Python37-32\Scripts\;C:\Users\jinqshen\AppData\Local\Programs\Python\Python37-32\;C:\Users\jinqshen\AppData\Local\Microsoft\WindowsApps;, USERDOMAIN_ROAMINGPROFILE=CISCO, PROCESSOR_LEVEL=6, SYSTEMDRIVE=C:, SESSIONNAME=Console, ALLUSERSPROFILE=C:\ProgramData, PROCESSOR_ARCHITECTURE=x86, DEFLOGDIR=C:\ProgramData\McAfee\Endpoint Security\Logs, MAVEN_HOME=C:\Program Files (x86)\Maven\apache-maven-3.5.3\bin\.., PROGRAMFILES=C:\Program Files (x86), PSMODULEPATH=C:\Program Files\WindowsPowerShell\Modules;C:\WINDOWS\system32\WindowsPowerShell\v1.0\Modules;C:\Program Files\Arellia\Powershell\, PROGRAMDATA=C:\ProgramData, USERNAME=jinqshen, USERDNSDOMAIN=CISCO.COM, WDIR=c:\, PYTHONPATH=C:\WBXTF\PyLib;C:\WBXTF\PyLib\com, PATHEXT=.COM;.EXE;.BAT;.CMD;.VBS;.VBE;.JS;.JSE;.WSF;.WSH;.MSC, PROCESSOR_ARCHITEW6432=AMD64, CLASSWORLDS_JAR="C:\Program Files (x86)\Maven\apache-maven-3.5.3\bin\..\boot\plexus-classworlds-2.5.2.jar", WINDIR=C:\WINDOWS, HOMEPATH=\Users\jinqshen, PROCESSOR_IDENTIFIER=Intel64 Family 6 Model 78 Stepping 3, GenuineIntel, M2_HOME=C:\Program Files (x86)\Maven\apache-maven-3.5.3, PUBLIC=C:\Users\Public, =EXITCODE=00000000, LOCALAPPDATA=C:\Users\jinqshen\AppData\Local, COMMONPROGRAMFILES(X86)=C:\Program Files (x86)\Common Files, USERDOMAIN=CISCO, LOGONSERVER=\\ADC-RTP-C-4, JAVA_HOME=C:\Program Files (x86)\Java\jdk1.8.0_181, PROMPT=$P$G, PROGRAMFILES(X86)=C:\Program Files (x86), ERROR_CODE=0, EXEC_DIR=c:\Users\jinqshen\favorites-web\app, =C:=c:\Users\jinqshen\favorites-web\app, APPDATA=C:\Users\jinqshen\AppData\Roaming, PROGRAMW6432=C:\Program Files, SYSTEMROOT=C:\WINDOWS, MAVEN_CMD_LINE_ARGS=-X install, OS=Windows_NT, COMMONPROGRAMW6432=C:\Program Files\Common Files, COMPUTERNAME=JINQSHEN-LBCLM, COMMONPROGRAMFILES=C:\Program Files (x86)\Common Files, COMSPEC=C:\WINDOWS\system32\cmd.exe, JAVACMD=C:\Program Files (x86)\Java\jdk1.8.0_181\bin\java.exe, MAVEN_PROJECTBASEDIR=c:\Users\jinqshen\favorites-web\app, PROCESSOR_REVISION=4e03, CLASSPATH=C:\WBXTF\bin\WBXTFBusiness.jar.;C:\Program Files (x86)\Java\jdk1.8.0_181\bin;C:\Program Files (x86)\Java\jdk1.8.0_181\lib\dt.jar;C:\Program Files (x86)\Java\jdk1.8.0_181\lib\tools.jar, UATDATA=C:\WINDOWS\CCM\UATData\D9F8C395-CAB8-491d-B8AC-179A1FE1BE77, CLASSWORLDS_LAUNCHER=org.codehaus.plexus.classworlds.launcher.Launcher, TEMP=C:\Users\jinqshen\AppData\Local\Temp, HOMEDRIVE=C:, USERPROFILE=C:\Users\jinqshen, TMP=C:\Users\jinqshen\AppData\Local\Temp, NUMBER_OF_PROCESSORS=4, JVMCONFIG=\.mvn\jvm.config}}]
10:55:06.390 [main] DEBUG org.springframework.core.io.support.PathMatchingResourcePatternResolver - Resolved classpath location [com/favorites/controller/] to resources [URL [file:/c:/Users/jinqshen/favorites-web/app/target/test-classes/com/favorites/controller/]]
10:55:06.390 [main] DEBUG org.springframework.core.io.support.PathMatchingResourcePatternResolver - Looking for matching resources in directory tree [c:\Users\jinqshen\favorites-web\app\target\test-classes\com\favorites\controller]
10:55:06.392 [main] DEBUG org.springframework.core.io.support.PathMatchingResourcePatternResolver - Searching directory [c:\Users\jinqshen\favorites-web\app\target\test-classes\com\favorites\controller] for files matching pattern [c:/Users/jinqshen/favorites-web/app/target/test-classes/com/favorites/controller/*.class]
10:55:06.402 [main] DEBUG org.springframework.core.io.support.PathMatchingResourcePatternResolver - Resolved location pattern [classpath*:com/favorites/controller/*.class] to resources [file [c:\Users\jinqshen\favorites-web\app\target\test-classes\com\favorites\controller\HelloWorldControlerTests.class]]
10:55:06.493 [main] DEBUG org.springframework.core.io.support.PathMatchingResourcePatternResolver - Resolved classpath location [com/favorites/] to resources [URL [file:/c:/Users/jinqshen/favorites-web/app/target/test-classes/com/favorites/], URL [file:/c:/Users/jinqshen/favorites-web/app/target/classes/com/favorites/]]
10:55:06.493 [main] DEBUG org.springframework.core.io.support.PathMatchingResourcePatternResolver - Looking for matching resources in directory tree [c:\Users\jinqshen\favorites-web\app\target\test-classes\com\favorites]
10:55:06.494 [main] DEBUG org.springframework.core.io.support.PathMatchingResourcePatternResolver - Searching directory [c:\Users\jinqshen\favorites-web\app\target\test-classes\com\favorites] for files matching pattern [c:/Users/jinqshen/favorites-web/app/target/test-classes/com/favorites/*.class]
10:55:06.499 [main] DEBUG org.springframework.core.io.support.PathMatchingResourcePatternResolver - Looking for matching resources in directory tree [c:\Users\jinqshen\favorites-web\app\target\classes\com\favorites]
10:55:06.500 [main] DEBUG org.springframework.core.io.support.PathMatchingResourcePatternResolver - Searching directory [c:\Users\jinqshen\favorites-web\app\target\classes\com\favorites] for files matching pattern [c:/Users/jinqshen/favorites-web/app/target/classes/com/favorites/*.class]
10:55:06.507 [main] DEBUG org.springframework.core.io.support.PathMatchingResourcePatternResolver - Resolved location pattern [classpath*:com/favorites/*.class] to resources [file [c:\Users\jinqshen\favorites-web\app\target\test-classes\com\favorites\FavoritesApplicationTests.class], file [c:\Users\jinqshen\favorites-web\app\target\classes\com\favorites\FavoritesApplication.class], file [c:\Users\jinqshen\favorites-web\app\target\classes\com\favorites\WebConfiguration.class]]
10:55:06.596 [main] DEBUG org.springframework.context.annotation.ClassPathScanningCandidateComponentProvider - Identified candidate component class: file [c:\Users\jinqshen\favorites-web\app\target\classes\com\favorites\FavoritesApplication.class]
10:55:06.616 [main] INFO org.springframework.boot.test.context.SpringBootTestContextBootstrapper - Found @SpringBootConfiguration com.favorites.FavoritesApplication for test class com.favorites.controller.HelloWorldControlerTests
10:55:07.000 [main] DEBUG org.springframework.boot.test.context.SpringBootTestContextBootstrapper - @TestExecutionListeners is not present for class [com.favorites.controller.HelloWorldControlerTests]: using defaults.
10:55:07.001 [main] INFO org.springframework.boot.test.context.SpringBootTestContextBootstrapper - Loaded default TestExecutionListener class names from location [META-INF/spring.factories]: [org.springframework.boot.test.mock.mockito.MockitoTestExecutionListener, org.springframework.boot.test.mock.mockito.ResetMocksTestExecutionListener, org.springframework.boot.test.autoconfigure.restdocs.RestDocsTestExecutionListener, org.springframework.boot.test.autoconfigure.web.client.MockRestServiceServerResetTestExecutionListener, org.springframework.boot.test.autoconfigure.web.servlet.MockMvcPrintOnlyOnFailureTestExecutionListener, org.springframework.boot.test.autoconfigure.web.servlet.WebDriverTestExecutionListener, org.springframework.test.context.web.ServletTestExecutionListener, org.springframework.test.context.support.DirtiesContextBeforeModesTestExecutionListener, org.springframework.test.context.support.DependencyInjectionTestExecutionListener, org.springframework.test.context.support.DirtiesContextTestExecutionListener, org.springframework.test.context.transaction.TransactionalTestExecutionListener, org.springframework.test.context.jdbc.SqlScriptsTestExecutionListener]
10:55:07.077 [main] INFO org.springframework.boot.test.context.SpringBootTestContextBootstrapper - Using TestExecutionListeners: [org.springframework.test.context.web.ServletTestExecutionListener@11caca8, org.springframework.test.context.support.DirtiesContextBeforeModesTestExecutionListener@5e9564, org.springframework.boot.test.mock.mockito.MockitoTestExecutionListener@194b04d, org.springframework.boot.test.autoconfigure.SpringBootDependencyInjectionTestExecutionListener@8c3b9d, org.springframework.test.context.support.DirtiesContextTestExecutionListener@39bec8, org.springframework.test.context.transaction.TransactionalTestExecutionListener@f79e, org.springframework.test.context.jdbc.SqlScriptsTestExecutionListener@e8290b, org.springframework.boot.test.mock.mockito.ResetMocksTestExecutionListener@159a598, org.springframework.boot.test.autoconfigure.restdocs.RestDocsTestExecutionListener@178745, org.springframework.boot.test.autoconfigure.web.client.MockRestServiceServerResetTestExecutionListener@12c3f1e, org.springframework.boot.test.autoconfigure.web.servlet.MockMvcPrintOnlyOnFailureTestExecutionListener@b3fd41, org.springframework.boot.test.autoconfigure.web.servlet.WebDriverTestExecutionListener@94f96a]
10:55:07.082 [main] DEBUG org.springframework.test.annotation.ProfileValueUtils - Retrieved @ProfileValueSourceConfiguration [null] for test class [com.favorites.controller.HelloWorldControlerTests]
10:55:07.083 [main] DEBUG org.springframework.test.annotation.ProfileValueUtils - Retrieved ProfileValueSource type [class org.springframework.test.annotation.SystemProfileValueSource] for class [com.favorites.controller.HelloWorldControlerTests]
10:55:07.084 [main] DEBUG org.springframework.test.annotation.ProfileValueUtils - Retrieved @ProfileValueSourceConfiguration [null] for test class [com.favorites.controller.HelloWorldControlerTests]
10:55:07.084 [main] DEBUG org.springframework.test.annotation.ProfileValueUtils - Retrieved ProfileValueSource type [class org.springframework.test.annotation.SystemProfileValueSource] for class [com.favorites.controller.HelloWorldControlerTests]
10:55:07.085 [main] DEBUG org.springframework.test.annotation.ProfileValueUtils - Retrieved @ProfileValueSourceConfiguration [null] for test class [com.favorites.controller.HelloWorldControlerTests]
10:55:07.087 [main] DEBUG org.springframework.test.annotation.ProfileValueUtils - Retrieved ProfileValueSource type [class org.springframework.test.annotation.SystemProfileValueSource] for class [com.favorites.controller.HelloWorldControlerTests]
10:55:07.099 [main] DEBUG org.springframework.test.context.support.AbstractDirtiesContextTestExecutionListener - Before test class: context [DefaultTestContext@1f9b85e testClass = HelloWorldControlerTests, testInstance = [null], testMethod = [null], testException = [null], mergedContextConfiguration = [WebMergedContextConfiguration@4e1977 testClass = HelloWorldControlerTests, locations = '{}', classes = '{class com.favorites.FavoritesApplication}', contextInitializerClasses = '[]', activeProfiles = '{}', propertySourceLocations = '{}', propertySourceProperties = '{org.springframework.boot.test.context.SpringBootTestContextBootstrapper=true}', contextCustomizers = set[org.springframework.boot.test.context.filter.ExcludeFilterContextCustomizer@40cd94, org.springframework.boot.test.json.DuplicateJsonObjectContextCustomizerFactory$DuplicateJsonObjectContextCustomizer@a90037, org.springframework.boot.test.mock.mockito.MockitoContextCustomizer@0, org.springframework.boot.test.web.client.TestRestTemplateContextCustomizer@1127a61, org.springframework.boot.test.autoconfigure.properties.PropertyMappingContextCustomizer@0, org.springframework.boot.test.autoconfigure.web.servlet.WebDriverContextCustomizerFactory$Customizer@79c292, org.springframework.test.context.web.socket.MockServerContainerContextCustomizer@1a947fe], resourceBasePath = 'src/main/webapp', contextLoader = 'org.springframework.boot.test.context.SpringBootContextLoader', parent = [null]], attributes = map['org.springframework.test.context.web.ServletTestExecutionListener.activateListener' -> true]], class annotated with @DirtiesContext [false] with mode [null].
10:55:07.100 [main] DEBUG org.springframework.test.annotation.ProfileValueUtils - Retrieved @ProfileValueSourceConfiguration [null] for test class [com.favorites.controller.HelloWorldControlerTests]
10:55:07.101 [main] DEBUG org.springframework.test.annotation.ProfileValueUtils - Retrieved ProfileValueSource type [class org.springframework.test.annotation.SystemProfileValueSource] for class [com.favorites.controller.HelloWorldControlerTests]
10:55:07.178 [main] DEBUG org.springframework.core.env.StandardEnvironment - Adding PropertySource 'systemProperties' with lowest search precedence
10:55:07.178 [main] DEBUG org.springframework.core.env.StandardEnvironment - Adding PropertySource 'systemEnvironment' with lowest search precedence
10:55:07.179 [main] DEBUG org.springframework.core.env.StandardEnvironment - Initialized StandardEnvironment with PropertySources [MapPropertySource@7140330 {name='systemProperties', properties={java.runtime.name=Java(TM) SE Runtime Environment, sun.boot.library.path=C:\Program Files (x86)\Java\jdk1.8.0_181\jre\bin, java.vm.version=25.181-b13, user.country.format=CN, java.vm.vendor=Oracle Corporation, java.vendor.url=http://java.oracle.com/, path.separator=;, java.vm.name=Java HotSpot(TM) Client VM, file.encoding.pkg=sun.io, user.country=US, user.script=, sun.java.launcher=SUN_STANDARD, sun.os.patch.level=, java.vm.specification.name=Java Virtual Machine Specification, user.dir=c:\Users\jinqshen\favorites-web\app, java.runtime.version=1.8.0_181-b13, basedir=c:\Users\jinqshen\favorites-web\app, java.awt.graphicsenv=sun.awt.Win32GraphicsEnvironment, java.endorsed.dirs=C:\Program Files (x86)\Java\jdk1.8.0_181\jre\lib\endorsed, os.arch=x86, surefire.real.class.path=C:\Users\jinqshen\AppData\Local\Temp\surefire9183887392312537003\surefirebooter8492861529203956604.jar, java.io.tmpdir=C:\Users\jinqshen\AppData\Local\Temp\, line.separator=
, java.vm.specification.vendor=Oracle Corporation, user.variant=, os.name=Windows 10, sun.jnu.encoding=GBK, java.library.path=C:\Program Files (x86)\Java\jdk1.8.0_181\jre\bin;C:\WINDOWS\Sun\Java\bin;C:\WINDOWS\system32;C:\WINDOWS;C:\Program Files (x86)\Common Files\Oracle\Java\javapath;C:\WINDOWS\system32;C:\WINDOWS;C:\WINDOWS\System32\Wbem;C:\WINDOWS\System32\WindowsPowerShell\v1.0\;C:\Program Files (x86)\WebEx\Productivity Tools;C:\Program Files (x86)\Cisco\OSD-ShellApplications;C:\Program Files (x86)\Sennheiser\SoftphoneSDK\;C:\Python27;C:\WBXTF\Bin;C:\Program Files (x86)\Maven\apache-maven-3.5.3\bin;C:\Program Files (x86)\Java\jdk1.8.0_181\bin;C:\Program Files (x86)\Java\jdk1.8.0_181\jre\bin;C:\PROGRAM FILES (X86)\WEBEX\WEBEX\319\;C:\PROGRAM FILES (X86)\WEBEX\;C:\Program Files\Git\cmd;C:\Users\jinqshen\AppData\Local\Programs\Python\Python37-32\Scripts\;C:\Users\jinqshen\AppData\Local\Programs\Python\Python37-32\;C:\Users\jinqshen\AppData\Local\Microsoft\WindowsApps;;., surefire.test.class.path=c:\Users\jinqshen\favorites-web\app\target\test-classes;c:\Users\jinqshen\favorites-web\app\target\classes;C:\Users\jinqshen\.m2\repository\org\springframework\boot\spring-boot-starter-web\2.0.0.RELEASE\spring-boot-starter-web-2.0.0.RELEASE.jar;C:\Users\jinqshen\.m2\repository\org\springframework\boot\spring-boot-starter\2.0.0.RELEASE\spring-boot-starter-2.0.0.RELEASE.jar;C:\Users\jinqshen\.m2\repository\org\springframework\boot\spring-boot-starter-logging\2.0.0.RELEASE\spring-boot-starter-logging-2.0.0.RELEASE.jar;C:\Users\jinqshen\.m2\repository\ch\qos\logback\logback-classic\1.2.3\logback-classic-1.2.3.jar;C:\Users\jinqshen\.m2\repository\ch\qos\logback\logback-core\1.2.3\logback-core-1.2.3.jar;C:\Users\jinqshen\.m2\repository\org\apache\logging\log4j\log4j-to-slf4j\2.10.0\log4j-to-slf4j-2.10.0.jar;C:\Users\jinqshen\.m2\repository\org\apache\logging\log4j\log4j-api\2.10.0\log4j-api-2.10.0.jar;C:\Users\jinqshen\.m2\repository\org\slf4j\jul-to-slf4j\1.7.25\jul-to-slf4j-1.7.25.jar;C:\Users\jinqshen\.m2\repository\javax\annotation\javax.annotation-api\1.3.2\javax.annotation-api-1.3.2.jar;C:\Users\jinqshen\.m2\repository\org\yaml\snakeyaml\1.19\snakeyaml-1.19.jar;C:\Users\jinqshen\.m2\repository\org\springframework\boot\spring-boot-starter-json\2.0.0.RELEASE\spring-boot-starter-json-2.0.0.RELEASE.jar;C:\Users\jinqshen\.m2\repository\com\fasterxml\jackson\datatype\jackson-datatype-jdk8\2.9.4\jackson-datatype-jdk8-2.9.4.jar;C:\Users\jinqshen\.m2\repository\com\fasterxml\jackson\datatype\jackson-datatype-jsr310\2.9.4\jackson-datatype-jsr310-2.9.4.jar;C:\Users\jinqshen\.m2\repository\com\fasterxml\jackson\module\jackson-module-parameter-names\2.9.4\jackson-module-parameter-names-2.9.4.jar;C:\Users\jinqshen\.m2\repository\org\springframework\boot\spring-boot-starter-tomcat\2.0.0.RELEASE\spring-boot-starter-tomcat-2.0.0.RELEASE.jar;C:\Users\jinqshen\.m2\repository\org\apache\tomcat\embed\tomcat-embed-core\8.5.28\tomcat-embed-core-8.5.28.jar;C:\Users\jinqshen\.m2\repository\org\apache\tomcat\embed\tomcat-embed-el\8.5.28\tomcat-embed-el-8.5.28.jar;C:\Users\jinqshen\.m2\repository\org\apache\tomcat\embed\tomcat-embed-websocket\8.5.28\tomcat-embed-websocket-8.5.28.jar;C:\Users\jinqshen\.m2\repository\org\hibernate\validator\hibernate-validator\6.0.7.Final\hibernate-validator-6.0.7.Final.jar;C:\Users\jinqshen\.m2\repository\javax\validation\validation-api\2.0.1.Final\validation-api-2.0.1.Final.jar;C:\Users\jinqshen\.m2\repository\org\jboss\logging\jboss-logging\3.3.2.Final\jboss-logging-3.3.2.Final.jar;C:\Users\jinqshen\.m2\repository\com\fasterxml\classmate\1.3.4\classmate-1.3.4.jar;C:\Users\jinqshen\.m2\repository\org\springframework\spring-web\5.0.4.RELEASE\spring-web-5.0.4.RELEASE.jar;C:\Users\jinqshen\.m2\repository\org\springframework\spring-beans\5.0.4.RELEASE\spring-beans-5.0.4.RELEASE.jar;C:\Users\jinqshen\.m2\repository\org\springframework\spring-webmvc\5.0.4.RELEASE\spring-webmvc-5.0.4.RELEASE.jar;C:\Users\jinqshen\.m2\repository\org\springframework\spring-aop\5.0.4.RELEASE\spring-aop-5.0.4.RELEASE.jar;C:\Users\jinqshen\.m2\repository\org\springframework\spring-expression\5.0.4.RELEASE\spring-expression-5.0.4.RELEASE.jar;C:\Users\jinqshen\.m2\repository\org\springframework\boot\spring-boot-starter-thymeleaf\2.0.0.RELEASE\spring-boot-starter-thymeleaf-2.0.0.RELEASE.jar;C:\Users\jinqshen\.m2\repository\org\thymeleaf\thymeleaf-spring5\3.0.9.RELEASE\thymeleaf-spring5-3.0.9.RELEASE.jar;C:\Users\jinqshen\.m2\repository\org\slf4j\slf4j-api\1.7.25\slf4j-api-1.7.25.jar;C:\Users\jinqshen\.m2\repository\org\thymeleaf\extras\thymeleaf-extras-java8time\3.0.1.RELEASE\thymeleaf-extras-java8time-3.0.1.RELEASE.jar;C:\Users\jinqshen\.m2\repository\nz\net\ultraq\thymeleaf\thymeleaf-layout-dialect\2.3.0\thymeleaf-layout-dialect-2.3.0.jar;C:\Users\jinqshen\.m2\repository\nz\net\ultraq\thymeleaf\thymeleaf-expression-processor\1.1.3\thymeleaf-expression-processor-1.1.3.jar;C:\Users\jinqshen\.m2\repository\org\codehaus\groovy\groovy\2.4.13\groovy-2.4.13.jar;C:\Users\jinqshen\.m2\repository\org\thymeleaf\thymeleaf\3.0.9.RELEASE\thymeleaf-3.0.9.RELEASE.jar;C:\Users\jinqshen\.m2\repository\ognl\ognl\3.1.12\ognl-3.1.12.jar;C:\Users\jinqshen\.m2\repository\org\attoparser\attoparser\2.0.4.RELEASE\attoparser-2.0.4.RELEASE.jar;C:\Users\jinqshen\.m2\repository\org\unbescape\unbescape\1.1.5.RELEASE\unbescape-1.1.5.RELEASE.jar;C:\Users\jinqshen\.m2\repository\org\springframework\boot\spring-boot-starter-data-jpa\2.0.0.RELEASE\spring-boot-starter-data-jpa-2.0.0.RELEASE.jar;C:\Users\jinqshen\.m2\repository\org\springframework\boot\spring-boot-starter-aop\2.0.0.RELEASE\spring-boot-starter-aop-2.0.0.RELEASE.jar;C:\Users\jinqshen\.m2\repository\org\aspectj\aspectjweaver\1.8.13\aspectjweaver-1.8.13.jar;C:\Users\jinqshen\.m2\repository\org\springframework\boot\spring-boot-starter-jdbc\2.0.0.RELEASE\spring-boot-starter-jdbc-2.0.0.RELEASE.jar;C:\Users\jinqshen\.m2\repository\com\zaxxer\HikariCP\2.7.8\HikariCP-2.7.8.jar;C:\Users\jinqshen\.m2\repository\org\springframework\spring-jdbc\5.0.4.RELEASE\spring-jdbc-5.0.4.RELEASE.jar;C:\Users\jinqshen\.m2\repository\org\hibernate\hibernate-core\5.2.14.Final\hibernate-core-5.2.14.Final.jar;C:\Users\jinqshen\.m2\repository\org\hibernate\javax\persistence\hibernate-jpa-2.1-api\1.0.0.Final\hibernate-jpa-2.1-api-1.0.0.Final.jar;C:\Users\jinqshen\.m2\repository\org\javassist\javassist\3.22.0-GA\javassist-3.22.0-GA.jar;C:\Users\jinqshen\.m2\repository\antlr\antlr\2.7.7\antlr-2.7.7.jar;C:\Users\jinqshen\.m2\repository\org\jboss\jandex\2.0.3.Final\jandex-2.0.3.Final.jar;C:\Users\jinqshen\.m2\repository\dom4j\dom4j\1.6.1\dom4j-1.6.1.jar;C:\Users\jinqshen\.m2\repository\org\hibernate\common\hibernate-commons-annotations\5.0.1.Final\hibernate-commons-annotations-5.0.1.Final.jar;C:\Users\jinqshen\.m2\repository\javax\transaction\javax.transaction-api\1.2\javax.transaction-api-1.2.jar;C:\Users\jinqshen\.m2\repository\org\springframework\data\spring-data-jpa\2.0.5.RELEASE\spring-data-jpa-2.0.5.RELEASE.jar;C:\Users\jinqshen\.m2\repository\org\springframework\data\spring-data-commons\2.0.5.RELEASE\spring-data-commons-2.0.5.RELEASE.jar;C:\Users\jinqshen\.m2\repository\org\springframework\spring-orm\5.0.4.RELEASE\spring-orm-5.0.4.RELEASE.jar;C:\Users\jinqshen\.m2\repository\org\springframework\spring-tx\5.0.4.RELEASE\spring-tx-5.0.4.RELEASE.jar;C:\Users\jinqshen\.m2\repository\org\springframework\spring-aspects\5.0.4.RELEASE\spring-aspects-5.0.4.RELEASE.jar;C:\Users\jinqshen\.m2\repository\org\springframework\boot\spring-boot-devtools\2.0.0.RELEASE\spring-boot-devtools-2.0.0.RELEASE.jar;C:\Users\jinqshen\.m2\repository\org\springframework\boot\spring-boot\2.0.0.RELEASE\spring-boot-2.0.0.RELEASE.jar;C:\Users\jinqshen\.m2\repository\org\springframework\boot\spring-boot-autoconfigure\2.0.0.RELEASE\spring-boot-autoconfigure-2.0.0.RELEASE.jar;C:\Users\jinqshen\.m2\repository\org\springframework\boot\spring-boot-starter-test\2.0.0.RELEASE\spring-boot-starter-test-2.0.0.RELEASE.jar;C:\Users\jinqshen\.m2\repository\org\springframework\boot\spring-boot-test\2.0.0.RELEASE\spring-boot-test-2.0.0.RELEASE.jar;C:\Users\jinqshen\.m2\repository\org\springframework\boot\spring-boot-test-autoconfigure\2.0.0.RELEASE\spring-boot-test-autoconfigure-2.0.0.RELEASE.jar;C:\Users\jinqshen\.m2\repository\com\jayway\jsonpath\json-path\2.4.0\json-path-2.4.0.jar;C:\Users\jinqshen\.m2\repository\net\minidev\json-smart\2.3\json-smart-2.3.jar;C:\Users\jinqshen\.m2\repository\net\minidev\accessors-smart\1.2\accessors-smart-1.2.jar;C:\Users\jinqshen\.m2\repository\org\ow2\asm\asm\5.0.4\asm-5.0.4.jar;C:\Users\jinqshen\.m2\repository\junit\junit\4.12\junit-4.12.jar;C:\Users\jinqshen\.m2\repository\org\assertj\assertj-core\3.9.1\assertj-core-3.9.1.jar;C:\Users\jinqshen\.m2\repository\org\mockito\mockito-core\2.15.0\mockito-core-2.15.0.jar;C:\Users\jinqshen\.m2\repository\net\bytebuddy\byte-buddy\1.7.10\byte-buddy-1.7.10.jar;C:\Users\jinqshen\.m2\repository\net\bytebuddy\byte-buddy-agent\1.7.10\byte-buddy-agent-1.7.10.jar;C:\Users\jinqshen\.m2\repository\org\objenesis\objenesis\2.6\objenesis-2.6.jar;C:\Users\jinqshen\.m2\repository\org\hamcrest\hamcrest-core\1.3\hamcrest-core-1.3.jar;C:\Users\jinqshen\.m2\repository\org\hamcrest\hamcrest-library\1.3\hamcrest-library-1.3.jar;C:\Users\jinqshen\.m2\repository\org\skyscreamer\jsonassert\1.5.0\jsonassert-1.5.0.jar;C:\Users\jinqshen\.m2\repository\com\vaadin\external\google\android-json\0.0.20131108.vaadin1\android-json-0.0.20131108.vaadin1.jar;C:\Users\jinqshen\.m2\repository\org\springframework\spring-core\5.0.4.RELEASE\spring-core-5.0.4.RELEASE.jar;C:\Users\jinqshen\.m2\repository\org\springframework\spring-jcl\5.0.4.RELEASE\spring-jcl-5.0.4.RELEASE.jar;C:\Users\jinqshen\.m2\repository\org\springframework\spring-test\5.0.4.RELEASE\spring-test-5.0.4.RELEASE.jar;C:\Users\jinqshen\.m2\repository\org\xmlunit\xmlunit-core\2.5.1\xmlunit-core-2.5.1.jar;C:\Users\jinqshen\.m2\repository\org\springframework\boot\spring-boot-starter-mail\2.0.0.RELEASE\spring-boot-starter-mail-2.0.0.RELEASE.jar;C:\Users\jinqshen\.m2\repository\org\springframework\spring-context\5.0.4.RELEASE\spring-context-5.0.4.RELEASE.jar;C:\Users\jinqshen\.m2\repository\org\springframework\spring-context-support\5.0.4.RELEASE\spring-context-support-5.0.4.RELEASE.jar;C:\Users\jinqshen\.m2\repository\com\sun\mail\javax.mail\1.6.1\javax.mail-1.6.1.jar;C:\Users\jinqshen\.m2\repository\javax\activation\activation\1.1\activation-1.1.jar;C:\Users\jinqshen\.m2\repository\org\webjars\webjars-locator\0.33\webjars-locator-0.33.jar;C:\Users\jinqshen\.m2\repository\org\webjars\webjars-locator-core\0.35\webjars-locator-core-0.35.jar;C:\Users\jinqshen\.m2\repository\org\apache\commons\commons-compress\1.9\commons-compress-1.9.jar;C:\Users\jinqshen\.m2\repository\com\fasterxml\jackson\core\jackson-core\2.9.4\jackson-core-2.9.4.jar;C:\Users\jinqshen\.m2\repository\com\fasterxml\jackson\core\jackson-databind\2.9.4\jackson-databind-2.9.4.jar;C:\Users\jinqshen\.m2\repository\com\fasterxml\jackson\core\jackson-annotations\2.9.0\jackson-annotations-2.9.0.jar;C:\Users\jinqshen\.m2\repository\mysql\mysql-connector-java\8.0.13\mysql-connector-java-8.0.13.jar;C:\Users\jinqshen\.m2\repository\com\google\protobuf\protobuf-java\3.6.1\protobuf-java-3.6.1.jar;C:\Users\jinqshen\.m2\repository\org\apache\commons\commons-lang3\3.4\commons-lang3-3.4.jar;C:\Users\jinqshen\.m2\repository\org\webjars\bower\bootstrap\3.3.6\bootstrap-3.3.6.jar;C:\Users\jinqshen\.m2\repository\org\webjars\bower\jquery\2.0.0\jquery-2.0.0.jar;C:\Users\jinqshen\.m2\repository\org\webjars\vue\1.0.24\vue-1.0.24.jar;C:\Users\jinqshen\.m2\repository\org\webjars\bower\vue-resource\0.7.0\vue-resource-0.7.0.jar;C:\Users\jinqshen\.m2\repository\org\jsoup\jsoup\1.9.2\jsoup-1.9.2.jar;C:\Users\jinqshen\.m2\repository\org\webjars\jquery\2.0.0\jquery-2.0.0.jar;, java.specification.name=Java Platform API Specification, java.class.version=52.0, sun.management.compiler=HotSpot Client Compiler, os.version=10.0, user.home=C:\Users\jinqshen, user.timezone=Asia/Shanghai, java.awt.printerjob=sun.awt.windows.WPrinterJob, file.encoding=GBK, java.specification.version=1.8, java.class.path=c:\Users\jinqshen\favorites-web\app\target\test-classes;c:\Users\jinqshen\favorites-web\app\target\classes;C:\Users\jinqshen\.m2\repository\org\springframework\boot\spring-boot-starter-web\2.0.0.RELEASE\spring-boot-starter-web-2.0.0.RELEASE.jar;C:\Users\jinqshen\.m2\repository\org\springframework\boot\spring-boot-starter\2.0.0.RELEASE\spring-boot-starter-2.0.0.RELEASE.jar;C:\Users\jinqshen\.m2\repository\org\springframework\boot\spring-boot-starter-logging\2.0.0.RELEASE\spring-boot-starter-logging-2.0.0.RELEASE.jar;C:\Users\jinqshen\.m2\repository\ch\qos\logback\logback-classic\1.2.3\logback-classic-1.2.3.jar;C:\Users\jinqshen\.m2\repository\ch\qos\logback\logback-core\1.2.3\logback-core-1.2.3.jar;C:\Users\jinqshen\.m2\repository\org\apache\logging\log4j\log4j-to-slf4j\2.10.0\log4j-to-slf4j-2.10.0.jar;C:\Users\jinqshen\.m2\repository\org\apache\logging\log4j\log4j-api\2.10.0\log4j-api-2.10.0.jar;C:\Users\jinqshen\.m2\repository\org\slf4j\jul-to-slf4j\1.7.25\jul-to-slf4j-1.7.25.jar;C:\Users\jinqshen\.m2\repository\javax\annotation\javax.annotation-api\1.3.2\javax.annotation-api-1.3.2.jar;C:\Users\jinqshen\.m2\repository\org\yaml\snakeyaml\1.19\snakeyaml-1.19.jar;C:\Users\jinqshen\.m2\repository\org\springframework\boot\spring-boot-starter-json\2.0.0.RELEASE\spring-boot-starter-json-2.0.0.RELEASE.jar;C:\Users\jinqshen\.m2\repository\com\fasterxml\jackson\datatype\jackson-datatype-jdk8\2.9.4\jackson-datatype-jdk8-2.9.4.jar;C:\Users\jinqshen\.m2\repository\com\fasterxml\jackson\datatype\jackson-datatype-jsr310\2.9.4\jackson-datatype-jsr310-2.9.4.jar;C:\Users\jinqshen\.m2\repository\com\fasterxml\jackson\module\jackson-module-parameter-names\2.9.4\jackson-module-parameter-names-2.9.4.jar;C:\Users\jinqshen\.m2\repository\org\springframework\boot\spring-boot-starter-tomcat\2.0.0.RELEASE\spring-boot-starter-tomcat-2.0.0.RELEASE.jar;C:\Users\jinqshen\.m2\repository\org\apache\tomcat\embed\tomcat-embed-core\8.5.28\tomcat-embed-core-8.5.28.jar;C:\Users\jinqshen\.m2\repository\org\apache\tomcat\embed\tomcat-embed-el\8.5.28\tomcat-embed-el-8.5.28.jar;C:\Users\jinqshen\.m2\repository\org\apache\tomcat\embed\tomcat-embed-websocket\8.5.28\tomcat-embed-websocket-8.5.28.jar;C:\Users\jinqshen\.m2\repository\org\hibernate\validator\hibernate-validator\6.0.7.Final\hibernate-validator-6.0.7.Final.jar;C:\Users\jinqshen\.m2\repository\javax\validation\validation-api\2.0.1.Final\validation-api-2.0.1.Final.jar;C:\Users\jinqshen\.m2\repository\org\jboss\logging\jboss-logging\3.3.2.Final\jboss-logging-3.3.2.Final.jar;C:\Users\jinqshen\.m2\repository\com\fasterxml\classmate\1.3.4\classmate-1.3.4.jar;C:\Users\jinqshen\.m2\repository\org\springframework\spring-web\5.0.4.RELEASE\spring-web-5.0.4.RELEASE.jar;C:\Users\jinqshen\.m2\repository\org\springframework\spring-beans\5.0.4.RELEASE\spring-beans-5.0.4.RELEASE.jar;C:\Users\jinqshen\.m2\repository\org\springframework\spring-webmvc\5.0.4.RELEASE\spring-webmvc-5.0.4.RELEASE.jar;C:\Users\jinqshen\.m2\repository\org\springframework\spring-aop\5.0.4.RELEASE\spring-aop-5.0.4.RELEASE.jar;C:\Users\jinqshen\.m2\repository\org\springframework\spring-expression\5.0.4.RELEASE\spring-expression-5.0.4.RELEASE.jar;C:\Users\jinqshen\.m2\repository\org\springframework\boot\spring-boot-starter-thymeleaf\2.0.0.RELEASE\spring-boot-starter-thymeleaf-2.0.0.RELEASE.jar;C:\Users\jinqshen\.m2\repository\org\thymeleaf\thymeleaf-spring5\3.0.9.RELEASE\thymeleaf-spring5-3.0.9.RELEASE.jar;C:\Users\jinqshen\.m2\repository\org\slf4j\slf4j-api\1.7.25\slf4j-api-1.7.25.jar;C:\Users\jinqshen\.m2\repository\org\thymeleaf\extras\thymeleaf-extras-java8time\3.0.1.RELEASE\thymeleaf-extras-java8time-3.0.1.RELEASE.jar;C:\Users\jinqshen\.m2\repository\nz\net\ultraq\thymeleaf\thymeleaf-layout-dialect\2.3.0\thymeleaf-layout-dialect-2.3.0.jar;C:\Users\jinqshen\.m2\repository\nz\net\ultraq\thymeleaf\thymeleaf-expression-processor\1.1.3\thymeleaf-expression-processor-1.1.3.jar;C:\Users\jinqshen\.m2\repository\org\codehaus\groovy\groovy\2.4.13\groovy-2.4.13.jar;C:\Users\jinqshen\.m2\repository\org\thymeleaf\thymeleaf\3.0.9.RELEASE\thymeleaf-3.0.9.RELEASE.jar;C:\Users\jinqshen\.m2\repository\ognl\ognl\3.1.12\ognl-3.1.12.jar;C:\Users\jinqshen\.m2\repository\org\attoparser\attoparser\2.0.4.RELEASE\attoparser-2.0.4.RELEASE.jar;C:\Users\jinqshen\.m2\repository\org\unbescape\unbescape\1.1.5.RELEASE\unbescape-1.1.5.RELEASE.jar;C:\Users\jinqshen\.m2\repository\org\springframework\boot\spring-boot-starter-data-jpa\2.0.0.RELEASE\spring-boot-starter-data-jpa-2.0.0.RELEASE.jar;C:\Users\jinqshen\.m2\repository\org\springframework\boot\spring-boot-starter-aop\2.0.0.RELEASE\spring-boot-starter-aop-2.0.0.RELEASE.jar;C:\Users\jinqshen\.m2\repository\org\aspectj\aspectjweaver\1.8.13\aspectjweaver-1.8.13.jar;C:\Users\jinqshen\.m2\repository\org\springframework\boot\spring-boot-starter-jdbc\2.0.0.RELEASE\spring-boot-starter-jdbc-2.0.0.RELEASE.jar;C:\Users\jinqshen\.m2\repository\com\zaxxer\HikariCP\2.7.8\HikariCP-2.7.8.jar;C:\Users\jinqshen\.m2\repository\org\springframework\spring-jdbc\5.0.4.RELEASE\spring-jdbc-5.0.4.RELEASE.jar;C:\Users\jinqshen\.m2\repository\org\hibernate\hibernate-core\5.2.14.Final\hibernate-core-5.2.14.Final.jar;C:\Users\jinqshen\.m2\repository\org\hibernate\javax\persistence\hibernate-jpa-2.1-api\1.0.0.Final\hibernate-jpa-2.1-api-1.0.0.Final.jar;C:\Users\jinqshen\.m2\repository\org\javassist\javassist\3.22.0-GA\javassist-3.22.0-GA.jar;C:\Users\jinqshen\.m2\repository\antlr\antlr\2.7.7\antlr-2.7.7.jar;C:\Users\jinqshen\.m2\repository\org\jboss\jandex\2.0.3.Final\jandex-2.0.3.Final.jar;C:\Users\jinqshen\.m2\repository\dom4j\dom4j\1.6.1\dom4j-1.6.1.jar;C:\Users\jinqshen\.m2\repository\org\hibernate\common\hibernate-commons-annotations\5.0.1.Final\hibernate-commons-annotations-5.0.1.Final.jar;C:\Users\jinqshen\.m2\repository\javax\transaction\javax.transaction-api\1.2\javax.transaction-api-1.2.jar;C:\Users\jinqshen\.m2\repository\org\springframework\data\spring-data-jpa\2.0.5.RELEASE\spring-data-jpa-2.0.5.RELEASE.jar;C:\Users\jinqshen\.m2\repository\org\springframework\data\spring-data-commons\2.0.5.RELEASE\spring-data-commons-2.0.5.RELEASE.jar;C:\Users\jinqshen\.m2\repository\org\springframework\spring-orm\5.0.4.RELEASE\spring-orm-5.0.4.RELEASE.jar;C:\Users\jinqshen\.m2\repository\org\springframework\spring-tx\5.0.4.RELEASE\spring-tx-5.0.4.RELEASE.jar;C:\Users\jinqshen\.m2\repository\org\springframework\spring-aspects\5.0.4.RELEASE\spring-aspects-5.0.4.RELEASE.jar;C:\Users\jinqshen\.m2\repository\org\springframework\boot\spring-boot-devtools\2.0.0.RELEASE\spring-boot-devtools-2.0.0.RELEASE.jar;C:\Users\jinqshen\.m2\repository\org\springframework\boot\spring-boot\2.0.0.RELEASE\spring-boot-2.0.0.RELEASE.jar;C:\Users\jinqshen\.m2\repository\org\springframework\boot\spring-boot-autoconfigure\2.0.0.RELEASE\spring-boot-autoconfigure-2.0.0.RELEASE.jar;C:\Users\jinqshen\.m2\repository\org\springframework\boot\spring-boot-starter-test\2.0.0.RELEASE\spring-boot-starter-test-2.0.0.RELEASE.jar;C:\Users\jinqshen\.m2\repository\org\springframework\boot\spring-boot-test\2.0.0.RELEASE\spring-boot-test-2.0.0.RELEASE.jar;C:\Users\jinqshen\.m2\repository\org\springframework\boot\spring-boot-test-autoconfigure\2.0.0.RELEASE\spring-boot-test-autoconfigure-2.0.0.RELEASE.jar;C:\Users\jinqshen\.m2\repository\com\jayway\jsonpath\json-path\2.4.0\json-path-2.4.0.jar;C:\Users\jinqshen\.m2\repository\net\minidev\json-smart\2.3\json-smart-2.3.jar;C:\Users\jinqshen\.m2\repository\net\minidev\accessors-smart\1.2\accessors-smart-1.2.jar;C:\Users\jinqshen\.m2\repository\org\ow2\asm\asm\5.0.4\asm-5.0.4.jar;C:\Users\jinqshen\.m2\repository\junit\junit\4.12\junit-4.12.jar;C:\Users\jinqshen\.m2\repository\org\assertj\assertj-core\3.9.1\assertj-core-3.9.1.jar;C:\Users\jinqshen\.m2\repository\org\mockito\mockito-core\2.15.0\mockito-core-2.15.0.jar;C:\Users\jinqshen\.m2\repository\net\bytebuddy\byte-buddy\1.7.10\byte-buddy-1.7.10.jar;C:\Users\jinqshen\.m2\repository\net\bytebuddy\byte-buddy-agent\1.7.10\byte-buddy-agent-1.7.10.jar;C:\Users\jinqshen\.m2\repository\org\objenesis\objenesis\2.6\objenesis-2.6.jar;C:\Users\jinqshen\.m2\repository\org\hamcrest\hamcrest-core\1.3\hamcrest-core-1.3.jar;C:\Users\jinqshen\.m2\repository\org\hamcrest\hamcrest-library\1.3\hamcrest-library-1.3.jar;C:\Users\jinqshen\.m2\repository\org\skyscreamer\jsonassert\1.5.0\jsonassert-1.5.0.jar;C:\Users\jinqshen\.m2\repository\com\vaadin\external\google\android-json\0.0.20131108.vaadin1\android-json-0.0.20131108.vaadin1.jar;C:\Users\jinqshen\.m2\repository\org\springframework\spring-core\5.0.4.RELEASE\spring-core-5.0.4.RELEASE.jar;C:\Users\jinqshen\.m2\repository\org\springframework\spring-jcl\5.0.4.RELEASE\spring-jcl-5.0.4.RELEASE.jar;C:\Users\jinqshen\.m2\repository\org\springframework\spring-test\5.0.4.RELEASE\spring-test-5.0.4.RELEASE.jar;C:\Users\jinqshen\.m2\repository\org\xmlunit\xmlunit-core\2.5.1\xmlunit-core-2.5.1.jar;C:\Users\jinqshen\.m2\repository\org\springframework\boot\spring-boot-starter-mail\2.0.0.RELEASE\spring-boot-starter-mail-2.0.0.RELEASE.jar;C:\Users\jinqshen\.m2\repository\org\springframework\spring-context\5.0.4.RELEASE\spring-context-5.0.4.RELEASE.jar;C:\Users\jinqshen\.m2\repository\org\springframework\spring-context-support\5.0.4.RELEASE\spring-context-support-5.0.4.RELEASE.jar;C:\Users\jinqshen\.m2\repository\com\sun\mail\javax.mail\1.6.1\javax.mail-1.6.1.jar;C:\Users\jinqshen\.m2\repository\javax\activation\activation\1.1\activation-1.1.jar;C:\Users\jinqshen\.m2\repository\org\webjars\webjars-locator\0.33\webjars-locator-0.33.jar;C:\Users\jinqshen\.m2\repository\org\webjars\webjars-locator-core\0.35\webjars-locator-core-0.35.jar;C:\Users\jinqshen\.m2\repository\org\apache\commons\commons-compress\1.9\commons-compress-1.9.jar;C:\Users\jinqshen\.m2\repository\com\fasterxml\jackson\core\jackson-core\2.9.4\jackson-core-2.9.4.jar;C:\Users\jinqshen\.m2\repository\com\fasterxml\jackson\core\jackson-databind\2.9.4\jackson-databind-2.9.4.jar;C:\Users\jinqshen\.m2\repository\com\fasterxml\jackson\core\jackson-annotations\2.9.0\jackson-annotations-2.9.0.jar;C:\Users\jinqshen\.m2\repository\mysql\mysql-connector-java\8.0.13\mysql-connector-java-8.0.13.jar;C:\Users\jinqshen\.m2\repository\com\google\protobuf\protobuf-java\3.6.1\protobuf-java-3.6.1.jar;C:\Users\jinqshen\.m2\repository\org\apache\commons\commons-lang3\3.4\commons-lang3-3.4.jar;C:\Users\jinqshen\.m2\repository\org\webjars\bower\bootstrap\3.3.6\bootstrap-3.3.6.jar;C:\Users\jinqshen\.m2\repository\org\webjars\bower\jquery\2.0.0\jquery-2.0.0.jar;C:\Users\jinqshen\.m2\repository\org\webjars\vue\1.0.24\vue-1.0.24.jar;C:\Users\jinqshen\.m2\repository\org\webjars\bower\vue-resource\0.7.0\vue-resource-0.7.0.jar;C:\Users\jinqshen\.m2\repository\org\jsoup\jsoup\1.9.2\jsoup-1.9.2.jar;C:\Users\jinqshen\.m2\repository\org\webjars\jquery\2.0.0\jquery-2.0.0.jar;, user.name=jinqshen, java.vm.specification.version=1.8, sun.java.command=C:\Users\jinqshen\AppData\Local\Temp\surefire9183887392312537003\surefirebooter8492861529203956604.jar C:\Users\jinqshen\AppData\Local\Temp\surefire9183887392312537003 2018-11-22T10-55-01_082-jvmRun1 surefire6871581444863628285tmp surefire_01656803686664769027tmp, java.home=C:\Program Files (x86)\Java\jdk1.8.0_181\jre, sun.arch.data.model=32, user.language=en, java.specification.vendor=Oracle Corporation, user.language.format=zh, awt.toolkit=sun.awt.windows.WToolkit, java.vm.info=mixed mode, sharing, java.version=1.8.0_181, java.ext.dirs=C:\Program Files (x86)\Java\jdk1.8.0_181\jre\lib\ext;C:\WINDOWS\Sun\Java\lib\ext, sun.boot.class.path=C:\Program Files (x86)\Java\jdk1.8.0_181\jre\lib\resources.jar;C:\Program Files (x86)\Java\jdk1.8.0_181\jre\lib\rt.jar;C:\Program Files (x86)\Java\jdk1.8.0_181\jre\lib\sunrsasign.jar;C:\Program Files (x86)\Java\jdk1.8.0_181\jre\lib\jsse.jar;C:\Program Files (x86)\Java\jdk1.8.0_181\jre\lib\jce.jar;C:\Program Files (x86)\Java\jdk1.8.0_181\jre\lib\charsets.jar;C:\Program Files (x86)\Java\jdk1.8.0_181\jre\lib\jfr.jar;C:\Program Files (x86)\Java\jdk1.8.0_181\jre\classes, java.vendor=Oracle Corporation, localRepository=C:\Users\jinqshen\.m2\repository, file.separator=\, java.vendor.url.bug=http://bugreport.sun.com/bugreport/, sun.io.unicode.encoding=UnicodeLittle, sun.cpu.endian=little, sun.desktop=windows, sun.cpu.isalist=pentium_pro+mmx pentium_pro pentium+mmx pentium i486 i386 i86}}, SystemEnvironmentPropertySource@32434175 {name='systemEnvironment', properties={PATH=C:\Program Files (x86)\Common Files\Oracle\Java\javapath;C:\WINDOWS\system32;C:\WINDOWS;C:\WINDOWS\System32\Wbem;C:\WINDOWS\System32\WindowsPowerShell\v1.0\;C:\Program Files (x86)\WebEx\Productivity Tools;C:\Program Files (x86)\Cisco\OSD-ShellApplications;C:\Program Files (x86)\Sennheiser\SoftphoneSDK\;C:\Python27;C:\WBXTF\Bin;C:\Program Files (x86)\Maven\apache-maven-3.5.3\bin;C:\Program Files (x86)\Java\jdk1.8.0_181\bin;C:\Program Files (x86)\Java\jdk1.8.0_181\jre\bin;C:\PROGRAM FILES (X86)\WEBEX\WEBEX\319\;C:\PROGRAM FILES (X86)\WEBEX\;C:\Program Files\Git\cmd;C:\Users\jinqshen\AppData\Local\Programs\Python\Python37-32\Scripts\;C:\Users\jinqshen\AppData\Local\Programs\Python\Python37-32\;C:\Users\jinqshen\AppData\Local\Microsoft\WindowsApps;, USERDOMAIN_ROAMINGPROFILE=CISCO, PROCESSOR_LEVEL=6, SYSTEMDRIVE=C:, SESSIONNAME=Console, ALLUSERSPROFILE=C:\ProgramData, PROCESSOR_ARCHITECTURE=x86, DEFLOGDIR=C:\ProgramData\McAfee\Endpoint Security\Logs, MAVEN_HOME=C:\Program Files (x86)\Maven\apache-maven-3.5.3\bin\.., PROGRAMFILES=C:\Program Files (x86), PSMODULEPATH=C:\Program Files\WindowsPowerShell\Modules;C:\WINDOWS\system32\WindowsPowerShell\v1.0\Modules;C:\Program Files\Arellia\Powershell\, PROGRAMDATA=C:\ProgramData, USERNAME=jinqshen, USERDNSDOMAIN=CISCO.COM, WDIR=c:\, PYTHONPATH=C:\WBXTF\PyLib;C:\WBXTF\PyLib\com, PATHEXT=.COM;.EXE;.BAT;.CMD;.VBS;.VBE;.JS;.JSE;.WSF;.WSH;.MSC, PROCESSOR_ARCHITEW6432=AMD64, CLASSWORLDS_JAR="C:\Program Files (x86)\Maven\apache-maven-3.5.3\bin\..\boot\plexus-classworlds-2.5.2.jar", WINDIR=C:\WINDOWS, HOMEPATH=\Users\jinqshen, PROCESSOR_IDENTIFIER=Intel64 Family 6 Model 78 Stepping 3, GenuineIntel, M2_HOME=C:\Program Files (x86)\Maven\apache-maven-3.5.3, PUBLIC=C:\Users\Public, =EXITCODE=00000000, LOCALAPPDATA=C:\Users\jinqshen\AppData\Local, COMMONPROGRAMFILES(X86)=C:\Program Files (x86)\Common Files, USERDOMAIN=CISCO, LOGONSERVER=\\ADC-RTP-C-4, JAVA_HOME=C:\Program Files (x86)\Java\jdk1.8.0_181, PROMPT=$P$G, PROGRAMFILES(X86)=C:\Program Files (x86), ERROR_CODE=0, EXEC_DIR=c:\Users\jinqshen\favorites-web\app, =C:=c:\Users\jinqshen\favorites-web\app, APPDATA=C:\Users\jinqshen\AppData\Roaming, PROGRAMW6432=C:\Program Files, SYSTEMROOT=C:\WINDOWS, MAVEN_CMD_LINE_ARGS=-X install, OS=Windows_NT, COMMONPROGRAMW6432=C:\Program Files\Common Files, COMPUTERNAME=JINQSHEN-LBCLM, COMMONPROGRAMFILES=C:\Program Files (x86)\Common Files, COMSPEC=C:\WINDOWS\system32\cmd.exe, JAVACMD=C:\Program Files (x86)\Java\jdk1.8.0_181\bin\java.exe, MAVEN_PROJECTBASEDIR=c:\Users\jinqshen\favorites-web\app, PROCESSOR_REVISION=4e03, CLASSPATH=C:\WBXTF\bin\WBXTFBusiness.jar.;C:\Program Files (x86)\Java\jdk1.8.0_181\bin;C:\Program Files (x86)\Java\jdk1.8.0_181\lib\dt.jar;C:\Program Files (x86)\Java\jdk1.8.0_181\lib\tools.jar, UATDATA=C:\WINDOWS\CCM\UATData\D9F8C395-CAB8-491d-B8AC-179A1FE1BE77, CLASSWORLDS_LAUNCHER=org.codehaus.plexus.classworlds.launcher.Launcher, TEMP=C:\Users\jinqshen\AppData\Local\Temp, HOMEDRIVE=C:, USERPROFILE=C:\Users\jinqshen, TMP=C:\Users\jinqshen\AppData\Local\Temp, NUMBER_OF_PROCESSORS=4, JVMCONFIG=\.mvn\jvm.config}}]
10:55:07.181 [main] DEBUG org.springframework.test.context.support.TestPropertySourceUtils - Adding inlined properties to environment: {spring.jmx.enabled=false, org.springframework.boot.test.context.SpringBootTestContextBootstrapper=true, server.port=-1}
10:55:07.182 [main] DEBUG org.springframework.core.env.StandardEnvironment - Adding PropertySource 'Inlined Test Properties' with highest search precedence

  .   ____          _            __ _ _
 /\\ / ___'_ __ _ _(_)_ __  __ _ \ \ \ \
( ( )\___ | '_ | '_| | '_ \/ _` | \ \ \ \
 \\/  ___)| |_)| | | | | || (_| |  ) ) ) )
  '  |____| .__|_| |_|_| |_\__, | / / / /
 =========|_|==============|___/=/_/_/_/
 :: Spring Boot ::        (v2.0.0.RELEASE)

2018-11-22 10:55:08.212  INFO 1404 --- [           main] c.f.controller.HelloWorldControlerTests  : Starting HelloWorldControlerTests on JINQSHEN-LBCLM with PID 1404 (started by jinqshen in c:\Users\jinqshen\favorites-web\app)
2018-11-22 10:55:08.227  INFO 1404 --- [           main] c.f.controller.HelloWorldControlerTests  : The following profiles are active: dev
2018-11-22 10:55:08.793  INFO 1404 --- [           main] o.s.w.c.s.GenericWebApplicationContext   : Refreshing org.springframework.web.context.support.GenericWebApplicationContext@746f22: startup date [Thu Nov 22 10:55:08 CST 2018]; root of context hierarchy
2018-11-22 10:55:13.056  INFO 1404 --- [           main] trationDelegate$BeanPostProcessorChecker : Bean 'org.springframework.transaction.annotation.ProxyTransactionManagementConfiguration' of type [org.springframework.transaction.annotation.ProxyTransactionManagementConfiguration$$EnhancerBySpringCGLIB$$9364671c] is not eligible for getting processed by all BeanPostProcessors (for example: not eligible for auto-proxying)
2018-11-22 10:55:13.733  INFO 1404 --- [           main] com.zaxxer.hikari.HikariDataSource       : HikariPool-1 - Starting...
2018-11-22 10:55:15.314  INFO 1404 --- [           main] com.zaxxer.hikari.HikariDataSource       : HikariPool-1 - Start completed.
2018-11-22 10:55:15.587  INFO 1404 --- [           main] j.LocalContainerEntityManagerFactoryBean : Building JPA container EntityManagerFactory for persistence unit 'default'
2018-11-22 10:55:15.646  INFO 1404 --- [           main] o.hibernate.jpa.internal.util.LogHelper  : HHH000204: Processing PersistenceUnitInfo [
	name: default
	...]
2018-11-22 10:55:15.882  INFO 1404 --- [           main] org.hibernate.Version                    : HHH000412: Hibernate Core {5.2.14.Final}
2018-11-22 10:55:15.888  INFO 1404 --- [           main] org.hibernate.cfg.Environment            : HHH000206: hibernate.properties not found
2018-11-22 10:55:16.029  INFO 1404 --- [           main] o.hibernate.annotations.common.Version   : HCANN000001: Hibernate Commons Annotations {5.0.1.Final}
2018-11-22 10:55:16.449  INFO 1404 --- [           main] org.hibernate.dialect.Dialect            : HHH000400: Using dialect: org.hibernate.dialect.MySQL5InnoDBDialect
2018-11-22 10:55:18.067  INFO 1404 --- [           main] j.LocalContainerEntityManagerFactoryBean : Initialized JPA EntityManagerFactory for persistence unit 'default'
2018-11-22 10:55:19.103  INFO 1404 --- [           main] o.h.h.i.QueryTranslatorFactoryInitiator  : HHH000397: Using ASTQueryTranslatorFactory
2018-11-22 10:55:19.437  WARN 1404 --- [           main] f.a.AutowiredAnnotationBeanPostProcessor : Autowired annotation should only be used on methods with parameters: public void com.favorites.schedule.ScheduledTasks.autoRecovery()
Hibernate: select favorites0_.id as col_0_0_ from favorites favorites0_ where favorites0_.name=?
Hibernate: select collect0_.id as id1_0_, collect0_.category as category2_0_, collect0_.charset as charset3_0_, collect0_.create_time as create_t4_0_, collect0_.description as descript5_0_, collect0_.favorites_id as favorite6_0_, collect0_.is_delete as is_delet7_0_, collect0_.last_modify_time as last_mod8_0_, collect0_.logo_url as logo_url9_0_, collect0_.remark as remark10_0_, collect0_.title as title11_0_, collect0_.type as type12_0_, collect0_.url as url13_0_, collect0_.user_id as user_id14_0_ from collect collect0_ where collect0_.create_time<? and collect0_.is_delete=? and (collect0_.favorites_id in (? , ?))
2018-11-22 10:55:22.015  INFO 1404 --- [           main] s.w.s.m.m.a.RequestMappingHandlerAdapter : Looking for @ControllerAdvice: org.springframework.web.context.support.GenericWebApplicationContext@746f22: startup date [Thu Nov 22 10:55:08 CST 2018]; root of context hierarchy
2018-11-22 10:55:22.116  WARN 1404 --- [           main] aWebConfiguration$JpaWebMvcConfiguration : spring.jpa.open-in-view is enabled by default. Therefore, database queries may be performed during view rendering. Explicitly configure spring.jpa.open-in-view to disable this warning
2018-11-22 10:55:22.187  INFO 1404 --- [           main] s.w.s.m.m.a.RequestMappingHandlerMapping : Mapped "{[/collect/collect],methods=[POST]}" onto public com.favorites.domain.result.Response com.favorites.web.CollectController.collect(com.favorites.domain.Collect)
2018-11-22 10:55:22.190  INFO 1404 --- [           main] s.w.s.m.m.a.RequestMappingHandlerMapping : Mapped "{[/collect/delete/{id}]}" onto public com.favorites.domain.result.Response com.favorites.web.CollectController.delete(long)
2018-11-22 10:55:22.191  INFO 1404 --- [           main] s.w.s.m.m.a.RequestMappingHandlerMapping : Mapped "{[/collect/searchOther/{key}]}" onto public java.util.List<com.favorites.domain.view.CollectSummary> com.favorites.web.CollectController.searchOther(org.springframework.ui.Model,java.lang.Integer,java.lang.Integer,java.lang.String)
2018-11-22 10:55:22.192  INFO 1404 --- [           main] s.w.s.m.m.a.RequestMappingHandlerMapping : Mapped "{[/collect/simple/{type}/{favoritesId}/{userId}/{category}]}" onto public java.util.List<com.favorites.domain.view.CollectSummary> com.favorites.web.CollectController.simple(java.lang.Integer,java.lang.Integer,java.lang.String,java.lang.Long,java.lang.Long,java.lang.String)
2018-11-22 10:55:22.193  INFO 1404 --- [           main] s.w.s.m.m.a.RequestMappingHandlerMapping : Mapped "{[/collect/searchMy/{key}]}" onto public java.util.List<com.favorites.domain.view.CollectSummary> com.favorites.web.CollectController.searchMy(org.springframework.ui.Model,java.lang.Integer,java.lang.Integer,java.lang.String)
2018-11-22 10:55:22.194  INFO 1404 --- [           main] s.w.s.m.m.a.RequestMappingHandlerMapping : Mapped "{[/collect/like/{id}]}" onto public com.favorites.domain.result.Response com.favorites.web.CollectController.like(long)
2018-11-22 10:55:22.195  INFO 1404 --- [           main] s.w.s.m.m.a.RequestMappingHandlerMapping : Mapped "{[/collect/standard/{type}/{favoritesId}/{userId}/{category}]}" onto public java.util.List<com.favorites.domain.view.CollectSummary> com.favorites.web.CollectController.standard(java.lang.Integer,java.lang.Integer,java.lang.String,java.lang.Long,java.lang.Long,java.lang.String)
2018-11-22 10:55:22.197  INFO 1404 --- [           main] s.w.s.m.m.a.RequestMappingHandlerMapping : Mapped "{[/collect/getPaiseStatus/{collectId}]}" onto public java.util.Map<java.lang.String, java.lang.Object> com.favorites.web.CollectController.getPraiseStatus(org.springframework.ui.Model,java.lang.Long)
2018-11-22 10:55:22.198  INFO 1404 --- [           main] s.w.s.m.m.a.RequestMappingHandlerMapping : Mapped "{[/collect/import]}" onto public void com.favorites.web.CollectController.importCollect(org.springframework.web.multipart.MultipartFile,java.lang.String,java.lang.String)
2018-11-22 10:55:22.199  INFO 1404 --- [           main] s.w.s.m.m.a.RequestMappingHandlerMapping : Mapped "{[/collect/lookAround]}" onto public java.util.List<com.favorites.domain.view.CollectSummary> com.favorites.web.CollectController.lookAround(java.lang.Integer,java.lang.Integer)
2018-11-22 10:55:22.200  INFO 1404 --- [           main] s.w.s.m.m.a.RequestMappingHandlerMapping : Mapped "{[/collect/changePrivacy/{id}/{type}]}" onto public com.favorites.domain.result.Response com.favorites.web.CollectController.changePrivacy(long,com.favorites.domain.enums.CollectType)
2018-11-22 10:55:22.201  INFO 1404 --- [           main] s.w.s.m.m.a.RequestMappingHandlerMapping : Mapped "{[/collect/export]}" onto public void com.favorites.web.CollectController.export(java.lang.String,javax.servlet.http.HttpServletResponse)
2018-11-22 10:55:22.202  INFO 1404 --- [           main] s.w.s.m.m.a.RequestMappingHandlerMapping : Mapped "{[/collect/detail/{id}]}" onto public com.favorites.domain.Collect com.favorites.web.CollectController.detail(long)
[...]
2018-11-22 10:55:22.226  INFO 1404 --- [           main] s.w.s.m.m.a.RequestMappingHandlerMapping : Mapped "{[/notice/praiseMe]}" onto public java.lang.String com.favorites.web.HomeController.praiseMe(org.springframework.ui.Model,java.lang.Integer,java.lang.Integer)
2018-11-22 10:55:22.227  INFO 1404 --- [           main] s.w.s.m.m.a.RequestMappingHandlerMapping : Mapped "{[/notice/atMe]}" onto public java.lang.String com.favorites.web.HomeController.atMe(org.springframework.ui.Model,java.lang.Integer,java.lang.Integer)
2018-11-22 10:55:22.228  INFO 1404 --- [           main] s.w.s.m.m.a.RequestMappingHandlerMapping : Mapped "{[/simple/{type}/{userId}]}" onto public java.lang.String com.favorites.web.HomeController.simple(org.springframework.ui.Model,java.lang.Integer,java.lang.Integer,java.lang.String,long)
2018-11-22 10:55:22.228  INFO 1404 --- [           main] s.w.s.m.m.a.RequestMappingHandlerMapping : Mapped "{[/standard/{type}/{userId}]}" onto public java.lang.String com.favorites.web.HomeController.standard(org.springframework.ui.Model,java.lang.Integer,java.lang.Integer,java.lang.String,long)
2018-11-22 10:55:22.229  INFO 1404 --- [           main] s.w.s.m.m.a.RequestMappingHandlerMapping : Mapped "{[/notice/commentMe]}" onto public java.lang.String com.favorites.web.HomeController.commentMe(org.springframework.ui.Model,java.lang.Integer,java.lang.Integer)
2018-11-22 10:55:22.230  INFO 1404 --- [           main] s.w.s.m.m.a.RequestMappingHandlerMapping : Mapped "{[/user/{userId}/{favoritesId}]}" onto public java.lang.String com.favorites.web.HomeController.userPageShow(org.springframework.ui.Model,long,java.lang.Long,java.lang.Integer,java.lang.Integer)
2018-11-22 10:55:22.230  INFO 1404 --- [           main] s.w.s.m.m.a.RequestMappingHandlerMapping : Mapped "{[/usercontent/{userId}/{favoritesId}]}" onto public java.lang.String com.favorites.web.HomeController.userContentShow(org.springframework.ui.Model,long,java.lang.Long,java.lang.Integer,java.lang.Integer)
2018-11-22 10:55:22.232  INFO 1404 --- [           main] s.w.s.m.m.a.RequestMappingHandlerMapping : Mapped "{[/lookRecord/standard/{type}/{userId}]}" onto public java.lang.String com.favorites.web.HomeController.getLookRecordStandard(org.springframework.ui.Model,java.lang.Integer,java.lang.Integer,java.lang.String,long)
2018-11-22 10:55:22.233  INFO 1404 --- [           main] s.w.s.m.m.a.RequestMappingHandlerMapping : Mapped "{[/lookRecord/simple/{type}/{userId}]}" onto public java.lang.String com.favorites.web.HomeController.getLookRecordSimple(org.springframework.ui.Model,java.lang.Integer,java.lang.Integer,java.lang.String,long)
2018-11-22 10:55:22.239  INFO 1404 --- [           main] s.w.s.m.m.a.RequestMappingHandlerMapping : Mapped "{[/index],methods=[GET]}" onto public java.lang.String com.favorites.web.IndexController.index(org.springframework.ui.Model)
2018-11-22 10:55:22.240  INFO 1404 --- [           main] s.w.s.m.m.a.RequestMappingHandlerMapping : Mapped "{[/collect],methods=[GET]}" onto public java.lang.String com.favorites.web.IndexController.collect(org.springframework.ui.Model)
2018-11-22 10:55:22.241  INFO 1404 --- [           main] s.w.s.m.m.a.RequestMappingHandlerMapping : Mapped "{[/],methods=[GET]}" onto public java.lang.String com.favorites.web.IndexController.home(org.springframework.ui.Model)
2018-11-22 10:55:22.241  INFO 1404 --- [           main] s.w.s.m.m.a.RequestMappingHandlerMapping : Mapped "{[/mobile]}" onto public java.lang.String com.favorites.web.IndexController.mobile()
2018-11-22 10:55:22.242  INFO 1404 --- [           main] s.w.s.m.m.a.RequestMappingHandlerMapping : Mapped "{[/tool]}" onto public java.lang.String com.favorites.web.IndexController.tool(org.springframework.ui.Model)
2018-11-22 10:55:22.242  INFO 1404 --- [           main] s.w.s.m.m.a.RequestMappingHandlerMapping : Mapped "{[/import]}" onto public java.lang.String com.favorites.web.IndexController.importm()
2018-11-22 10:55:22.243  INFO 1404 --- [           main] s.w.s.m.m.a.RequestMappingHandlerMapping : Mapped "{[/register],methods=[GET]}" onto public java.lang.String com.favorites.web.IndexController.regist()
2018-11-22 10:55:22.243  INFO 1404 --- [           main] s.w.s.m.m.a.RequestMappingHandlerMapping : Mapped "{[/feedback]}" onto public java.lang.String com.favorites.web.IndexController.feedback(org.springframework.ui.Model)
2018-11-22 10:55:22.244  INFO 1404 --- [           main] s.w.s.m.m.a.RequestMappingHandlerMapping : Mapped "{[/lookAround/simple/{category}]}" onto public java.lang.String com.favorites.web.IndexController.lookAroundSimple(org.springframework.ui.Model,java.lang.Integer,java.lang.Integer,java.lang.String)
2018-11-22 10:55:22.245  INFO 1404 --- [           main] s.w.s.m.m.a.RequestMappingHandlerMapping : Mapped "{[/forgotPassword],methods=[GET]}" onto public java.lang.String com.favorites.web.IndexController.forgotPassword()
2018-11-22 10:55:22.245  INFO 1404 --- [           main] s.w.s.m.m.a.RequestMappingHandlerMapping : Mapped "{[/newFavorites]}" onto public java.lang.String com.favorites.web.IndexController.newFavorites()
2018-11-22 10:55:22.246  INFO 1404 --- [           main] s.w.s.m.m.a.RequestMappingHandlerMapping : Mapped "{[/uploadBackground]}" onto public java.lang.String com.favorites.web.IndexController.uploadBackground()
2018-11-22 10:55:22.246  INFO 1404 --- [           main] s.w.s.m.m.a.RequestMappingHandlerMapping : Mapped "{[/newPassword],methods=[GET]}" onto public java.lang.String com.favorites.web.IndexController.newPassword(java.lang.String)
2018-11-22 10:55:22.247  INFO 1404 --- [           main] s.w.s.m.m.a.RequestMappingHandlerMapping : Mapped "{[/export]}" onto public java.lang.String com.favorites.web.IndexController.export(org.springframework.ui.Model)
2018-11-22 10:55:22.248  INFO 1404 --- [           main] s.w.s.m.m.a.RequestMappingHandlerMapping : Mapped "{[/login],methods=[GET]}" onto public java.lang.String com.favorites.web.IndexController.login()
2018-11-22 10:55:22.248  INFO 1404 --- [           main] s.w.s.m.m.a.RequestMappingHandlerMapping : Mapped "{[/logout],methods=[GET]}" onto public java.lang.String com.favorites.web.IndexController.logout(javax.servlet.http.HttpServletResponse,org.springframework.ui.Model)
2018-11-22 10:55:22.249  INFO 1404 --- [           main] s.w.s.m.m.a.RequestMappingHandlerMapping : Mapped "{[/uploadHeadPortrait]}" onto public java.lang.String com.favorites.web.IndexController.uploadHeadPortrait()
2018-11-22 10:55:22.251  INFO 1404 --- [           main] s.w.s.m.m.a.RequestMappingHandlerMapping : Mapped "{[/collector/{userId}/{favoritesId:[0-9]*}]}" onto public java.lang.String com.favorites.web.IndexController.collectorPageShow(org.springframework.ui.Model,long,java.lang.Long,java.lang.Integer,java.lang.Integer)
2018-11-22 10:55:22.252  INFO 1404 --- [           main] s.w.s.m.m.a.RequestMappingHandlerMapping : Mapped "{[/lookAround]}" onto public java.lang.String com.favorites.web.IndexController.lookAroundStandard(org.springframework.ui.Model,java.lang.Integer,java.lang.Integer)
2018-11-22 10:55:22.254  INFO 1404 --- [           main] s.w.s.m.m.a.RequestMappingHandlerMapping : Mapped "{[/letter/getLetterList]}" onto public java.util.List<com.favorites.domain.view.LetterSummary> com.favorites.web.LetterController.getLetterList(java.lang.Integer,java.lang.Integer)
2018-11-22 10:55:22.255  INFO 1404 --- [           main] s.w.s.m.m.a.RequestMappingHandlerMapping : Mapped "{[/letter/sendLetter]}" onto public com.favorites.domain.result.Response com.favorites.web.LetterController.sendLetter(com.favorites.domain.Letter)
2018-11-22 10:55:22.257  INFO 1404 --- [           main] s.w.s.m.m.a.RequestMappingHandlerMapping : Mapped "{[/lookRecord/save/{collectId}]}" onto public com.favorites.domain.result.Response com.favorites.web.LookRecordController.saveLookRecord(long)
2018-11-22 10:55:22.258  INFO 1404 --- [           main] s.w.s.m.m.a.RequestMappingHandlerMapping : Mapped "{[/lookRecord/delete/{collectId}]}" onto public com.favorites.domain.result.Response com.favorites.web.LookRecordController.deleteLookRecord(long)
2018-11-22 10:55:22.259  INFO 1404 --- [           main] s.w.s.m.m.a.RequestMappingHandlerMapping : Mapped "{[/lookRecord/deleteAll]}" onto public com.favorites.domain.result.Response com.favorites.web.LookRecordController.deleteAll()
2018-11-22 10:55:22.260  INFO 1404 --- [           main] s.w.s.m.m.a.RequestMappingHandlerMapping : Mapped "{[/notice/getNoticeNum]}" onto public com.favorites.domain.result.ResponseData com.favorites.web.NoticeController.getNoticeNum()
2018-11-22 10:55:22.261  INFO 1404 --- [           main] s.w.s.m.m.a.RequestMappingHandlerMapping : Mapped "{[/notice/reply],methods=[POST]}" onto public com.favorites.domain.result.Response com.favorites.web.NoticeController.reply(com.favorites.domain.Comment)
2018-11-22 10:55:22.266  INFO 1404 --- [           main] s.w.s.m.m.a.RequestMappingHandlerMapping : Mapped "{[/user/regist],methods=[POST]}" onto public com.favorites.domain.result.Response com.favorites.web.UserController.create(com.favorites.domain.User)
2018-11-22 10:55:22.268  INFO 1404 --- [           main] s.w.s.m.m.a.RequestMappingHandlerMapping : Mapped "{[/user/getConfig],methods=[POST]}" onto public com.favorites.domain.Config com.favorites.web.UserController.getConfig()
2018-11-22 10:55:22.269  INFO 1404 --- [           main] s.w.s.m.m.a.RequestMappingHandlerMapping : Mapped "{[/user/getFollows]}" onto public java.util.List<java.lang.String> com.favorites.web.UserController.getFollows()
2018-11-22 10:55:22.270  INFO 1404 --- [           main] s.w.s.m.m.a.RequestMappingHandlerMapping : Mapped "{[/user/setNewPassword],methods=[POST]}" onto public com.favorites.domain.result.Response com.favorites.web.UserController.setNewPassword(java.lang.String,java.lang.String,java.lang.String)
2018-11-22 10:55:22.271  INFO 1404 --- [           main] s.w.s.m.m.a.RequestMappingHandlerMapping : Mapped "{[/user/updatePassword],methods=[POST]}" onto public com.favorites.domain.result.Response com.favorites.web.UserController.updatePassword(java.lang.String,java.lang.String)
2018-11-22 10:55:22.272  INFO 1404 --- [           main] s.w.s.m.m.a.RequestMappingHandlerMapping : Mapped "{[/user/updateUserName],methods=[POST]}" onto public com.favorites.domain.result.ResponseData com.favorites.web.UserController.updateUserName(java.lang.String)
2018-11-22 10:55:22.273  INFO 1404 --- [           main] s.w.s.m.m.a.RequestMappingHandlerMapping : Mapped "{[/user/updateConfig],methods=[POST]}" onto public com.favorites.domain.result.Response com.favorites.web.UserController.updateConfig(java.lang.Long,java.lang.String,java.lang.String)
2018-11-22 10:55:22.274  INFO 1404 --- [           main] s.w.s.m.m.a.RequestMappingHandlerMapping : Mapped "{[/user/getFavorites],methods=[POST]}" onto public java.util.List<com.favorites.domain.Favorites> com.favorites.web.UserController.getFavorites()
2018-11-22 10:55:22.274  INFO 1404 --- [           main] s.w.s.m.m.a.RequestMappingHandlerMapping : Mapped "{[/user/uploadBackground],methods=[POST]}" onto public com.favorites.domain.result.ResponseData com.favorites.web.UserController.uploadBackground(java.lang.String)
2018-11-22 10:55:22.275  INFO 1404 --- [           main] s.w.s.m.m.a.RequestMappingHandlerMapping : Mapped "{[/user/login],methods=[POST]}" onto public com.favorites.domain.result.ResponseData com.favorites.web.UserController.login(com.favorites.domain.User,javax.servlet.http.HttpServletResponse)
2018-11-22 10:55:22.276  INFO 1404 --- [           main] s.w.s.m.m.a.RequestMappingHandlerMapping : Mapped "{[/user/uploadHeadPortrait],methods=[POST]}" onto public com.favorites.domain.result.ResponseData com.favorites.web.UserController.uploadHeadPortrait(java.lang.String)
2018-11-22 10:55:22.276  INFO 1404 --- [           main] s.w.s.m.m.a.RequestMappingHandlerMapping : Mapped "{[/user/updateIntroduction],methods=[POST]}" onto public com.favorites.domain.result.ResponseData com.favorites.web.UserController.updateIntroduction(java.lang.String)
2018-11-22 10:55:22.277  INFO 1404 --- [           main] s.w.s.m.m.a.RequestMappingHandlerMapping : Mapped "{[/user/sendForgotPasswordEmail],methods=[POST]}" onto public com.favorites.domain.result.Response com.favorites.web.UserController.sendForgotPasswordEmail(java.lang.String)
2018-11-22 10:55:22.278  INFO 1404 --- [           main] s.w.s.m.m.a.RequestMappingHandlerMapping : Mapped "{[/webjarslocator/{webjar}/**]}" onto public org.springframework.http.ResponseEntity com.favorites.web.WebJarController.locateWebjarAsset(java.lang.String,javax.servlet.http.HttpServletRequest)
2018-11-22 10:55:22.283  INFO 1404 --- [           main] s.w.s.m.m.a.RequestMappingHandlerMapping : Mapped "{[/error]}" onto public org.springframework.http.ResponseEntity<java.util.Map<java.lang.String, java.lang.Object>> org.springframework.boot.autoconfigure.web.servlet.error.BasicErrorController.error(javax.servlet.http.HttpServletRequest)
2018-11-22 10:55:22.285  INFO 1404 --- [           main] s.w.s.m.m.a.RequestMappingHandlerMapping : Mapped "{[/error],produces=[text/html]}" onto public org.springframework.web.servlet.ModelAndView org.springframework.boot.autoconfigure.web.servlet.error.BasicErrorController.errorHtml(javax.servlet.http.HttpServletRequest,javax.servlet.http.HttpServletResponse)
2018-11-22 10:55:22.466  INFO 1404 --- [           main] o.s.w.s.handler.SimpleUrlHandlerMapping  : Mapped URL path [/webjars/**] onto handler of type [class org.springframework.web.servlet.resource.ResourceHttpRequestHandler]
2018-11-22 10:55:22.466  INFO 1404 --- [           main] o.s.w.s.handler.SimpleUrlHandlerMapping  : Mapped URL path [/**] onto handler of type [class org.springframework.web.servlet.resource.ResourceHttpRequestHandler]
2018-11-22 10:55:22.513  INFO 1404 --- [           main] .m.m.a.ExceptionHandlerExceptionResolver : Detected @ExceptionHandler methods in globalExceptionHandler
2018-11-22 10:55:22.587  INFO 1404 --- [           main] o.s.w.s.handler.SimpleUrlHandlerMapping  : Mapped URL path [/**/favicon.ico] onto handler of type [class org.springframework.web.servlet.resource.ResourceHttpRequestHandler]
2018-11-22 10:55:23.461  INFO 1404 --- [           main] o.s.b.a.w.s.WelcomePageHandlerMapping    : Adding welcome page template: index
2018-11-22 10:55:23.999  INFO 1404 --- [           main] c.f.controller.HelloWorldControlerTests  : Started HelloWorldControlerTests in 16.79 seconds (JVM running for 19.509)
2018-11-22 10:55:24.308  INFO 1404 --- [           main] s.w.s.m.m.a.RequestMappingHandlerMapping : Mapped "{[/index],methods=[GET]}" onto public java.lang.String com.favorites.web.IndexController.index(org.springframework.ui.Model)
2018-11-22 10:55:24.312  INFO 1404 --- [           main] s.w.s.m.m.a.RequestMappingHandlerMapping : Mapped "{[/collect],methods=[GET]}" onto public java.lang.String com.favorites.web.IndexController.collect(org.springframework.ui.Model)
2018-11-22 10:55:24.313  INFO 1404 --- [           main] s.w.s.m.m.a.RequestMappingHandlerMapping : Mapped "{[/],methods=[GET]}" onto public java.lang.String com.favorites.web.IndexController.home(org.springframework.ui.Model)
2018-11-22 10:55:24.315  INFO 1404 --- [           main] s.w.s.m.m.a.RequestMappingHandlerMapping : Mapped "{[/mobile]}" onto public java.lang.String com.favorites.web.IndexController.mobile()
2018-11-22 10:55:24.316  INFO 1404 --- [           main] s.w.s.m.m.a.RequestMappingHandlerMapping : Mapped "{[/tool]}" onto public java.lang.String com.favorites.web.IndexController.tool(org.springframework.ui.Model)
2018-11-22 10:55:24.319  INFO 1404 --- [           main] s.w.s.m.m.a.RequestMappingHandlerMapping : Mapped "{[/import]}" onto public java.lang.String com.favorites.web.IndexController.importm()
2018-11-22 10:55:24.320  INFO 1404 --- [           main] s.w.s.m.m.a.RequestMappingHandlerMapping : Mapped "{[/register],methods=[GET]}" onto public java.lang.String com.favorites.web.IndexController.regist()
2018-11-22 10:55:24.323  INFO 1404 --- [           main] s.w.s.m.m.a.RequestMappingHandlerMapping : Mapped "{[/feedback]}" onto public java.lang.String com.favorites.web.IndexController.feedback(org.springframework.ui.Model)
2018-11-22 10:55:24.324  INFO 1404 --- [           main] s.w.s.m.m.a.RequestMappingHandlerMapping : Mapped "{[/lookAround/simple/{category}]}" onto public java.lang.String com.favorites.web.IndexController.lookAroundSimple(org.springframework.ui.Model,java.lang.Integer,java.lang.Integer,java.lang.String)
2018-11-22 10:55:24.328  INFO 1404 --- [           main] s.w.s.m.m.a.RequestMappingHandlerMapping : Mapped "{[/forgotPassword],methods=[GET]}" onto public java.lang.String com.favorites.web.IndexController.forgotPassword()
2018-11-22 10:55:24.330  INFO 1404 --- [           main] s.w.s.m.m.a.RequestMappingHandlerMapping : Mapped "{[/newFavorites]}" onto public java.lang.String com.favorites.web.IndexController.newFavorites()
2018-11-22 10:55:24.331  INFO 1404 --- [           main] s.w.s.m.m.a.RequestMappingHandlerMapping : Mapped "{[/uploadBackground]}" onto public java.lang.String com.favorites.web.IndexController.uploadBackground()
2018-11-22 10:55:24.333  INFO 1404 --- [           main] s.w.s.m.m.a.RequestMappingHandlerMapping : Mapped "{[/newPassword],methods=[GET]}" onto public java.lang.String com.favorites.web.IndexController.newPassword(java.lang.String)
2018-11-22 10:55:24.334  INFO 1404 --- [           main] s.w.s.m.m.a.RequestMappingHandlerMapping : Mapped "{[/export]}" onto public java.lang.String com.favorites.web.IndexController.export(org.springframework.ui.Model)
2018-11-22 10:55:24.336  INFO 1404 --- [           main] s.w.s.m.m.a.RequestMappingHandlerMapping : Mapped "{[/login],methods=[GET]}" onto public java.lang.String com.favorites.web.IndexController.login()
2018-11-22 10:55:24.339  INFO 1404 --- [           main] s.w.s.m.m.a.RequestMappingHandlerMapping : Mapped "{[/logout],methods=[GET]}" onto public java.lang.String com.favorites.web.IndexController.logout(javax.servlet.http.HttpServletResponse,org.springframework.ui.Model)
2018-11-22 10:55:24.340  INFO 1404 --- [           main] s.w.s.m.m.a.RequestMappingHandlerMapping : Mapped "{[/uploadHeadPortrait]}" onto public java.lang.String com.favorites.web.IndexController.uploadHeadPortrait()
2018-11-22 10:55:24.341  INFO 1404 --- [           main] s.w.s.m.m.a.RequestMappingHandlerMapping : Mapped "{[/collector/{userId}/{favoritesId:[0-9]*}]}" onto public java.lang.String com.favorites.web.IndexController.collectorPageShow(org.springframework.ui.Model,long,java.lang.Long,java.lang.Integer,java.lang.Integer)
2018-11-22 10:55:24.342  INFO 1404 --- [           main] s.w.s.m.m.a.RequestMappingHandlerMapping : Mapped "{[/lookAround]}" onto public java.lang.String com.favorites.web.IndexController.lookAroundStandard(org.springframework.ui.Model,java.lang.Integer,java.lang.Integer)
2018-11-22 10:55:24.386  INFO 1404 --- [           main] s.w.s.m.m.a.RequestMappingHandlerAdapter : Looking for @ControllerAdvice: org.springframework.test.web.servlet.setup.StubWebApplicationContext@180af04
2018-11-22 10:55:24.401  INFO 1404 --- [           main] o.s.mock.web.MockServletContext          : Initializing Spring FrameworkServlet ''
2018-11-22 10:55:24.402  INFO 1404 --- [           main] o.s.t.web.servlet.TestDispatcherServlet  : FrameworkServlet '': initialization started
2018-11-22 10:55:24.403  INFO 1404 --- [           main] o.s.t.web.servlet.TestDispatcherServlet  : FrameworkServlet '': initialization completed in 1 ms
2018-11-22 10:55:24.476  WARN 1404 --- [           main] o.s.web.servlet.PageNotFound             : No mapping found for HTTP request with URI [/hello] in DispatcherServlet with name ''
]]></system-out>
  </testcase>
</testsuite>